<?xml version="1.0" encoding="UTF-8"?>
<!-- Generated by org.testng.reporters.JUnitXMLReporter -->
<testsuite ignored="5" hostname="DESKTOP-C89KGQR" failures="0" tests="1" name="Default test" time="71.198" errors="0" timestamp="2021-02-13T14:49:40 IST">
  <testcase classname="FrameworkE2E.PurchaseInsurance" name="Purchase_PrivateIns_Single_NotPublicServant_NotPensionar_NotDeductible" time="48.796"/>
  <testcase classname="FrameworkE2E.PurchaseInsurance" name="Purchase_PrivateIns_Single_NotPublicServant_YesPensionar_NoDeductible" time="0.0">
    <ignored/>
  </testcase> <!-- Purchase_PrivateIns_Single_NotPublicServant_YesPensionar_NoDeductible -->
  <testcase classname="FrameworkE2E.PurchaseInsurance" name="Purchase_PrivateIns_Single_PublicServant_NoDeductible" time="0.0">
    <ignored/>
  </testcase> <!-- Purchase_PrivateIns_Single_PublicServant_NoDeductible -->
  <testcase classname="FrameworkE2E.PurchaseInsurance" name="Purchase_PrivateIns_Single_PublicServant_YesDeductible" time="0.0">
    <ignored/>
  </testcase> <!-- Purchase_PrivateIns_Single_PublicServant_YesDeductible -->
  <testcase classname="FrameworkE2E.PurchaseInsurance" name="Purchase_PrivateIns_Single_NotPublicServant_YesPensionar_YesDeductible" time="0.0">
    <ignored/>
  </testcase> <!-- Purchase_PrivateIns_Single_NotPublicServant_YesPensionar_YesDeductible -->
  <testcase classname="FrameworkE2E.PurchaseInsurance" name="Purchase_PrivateIns_Single_NotPublicServant_NotPensionar_YesDeductible" time="0.0">
    <ignored/>
  </testcase> <!-- Purchase_PrivateIns_Single_NotPublicServant_NotPensionar_YesDeductible -->
</testsuite> <!-- Default test -->
