<?xml version="1.0" encoding="UTF-8"?>
<!-- Generated by org.testng.reporters.JUnitXMLReporter -->
<testsuite ignored="0" hostname="DESKTOP-C89KGQR" failures="5" tests="19" name="Test" time="2106.465" errors="0" timestamp="2021-02-15T11:06:49 IST">
  <testcase classname="FrameworkE2E.PurchaseInsurance_Single" name="Purchase_PrivateIns_Single_NotPublicServant_NotPensionar_NotDeductible" time="91.242"/>
  <testcase classname="FrameworkE2E.PurchaseInsurance_Single" name="Purchase_PrivateIns_Single_NotPublicServant_NotPensionar_YesDeductible" time="69.16"/>
  <testcase classname="FrameworkE2E.PurchaseInsurance_Single" name="Purchase_PrivateIns_Single_NotPublicServant_YesPensionar_NoDeductible" time="52.676"/>
  <testcase classname="FrameworkE2E.PurchaseInsurance_Single" name="Purchase_PrivateIns_Single_NotPublicServant_YesPensionar_YesDeductible" time="167.319">
    <failure type="java.lang.IndexOutOfBoundsException" message="Index 0 out of bounds for length 0">
      <![CDATA[java.lang.IndexOutOfBoundsException: Index 0 out of bounds for length 0
at java.base/jdk.internal.util.Preconditions.outOfBounds(Preconditions.java:64)
at java.base/jdk.internal.util.Preconditions.outOfBoundsCheckIndex(Preconditions.java:70)
at java.base/jdk.internal.util.Preconditions.checkIndex(Preconditions.java:248)
at java.base/java.util.Objects.checkIndex(Objects.java:359)
at java.base/java.util.ArrayList.get(ArrayList.java:427)
at Workflow.NonPublicServantWorkFlow.NotPublicServant(NonPublicServantWorkFlow.java:59)
at FrameworkE2E.PurchaseInsurance_Single.Purchase_PrivateIns_Single_NotPublicServant_YesPensionar_YesDeductible(PurchaseInsurance_Single.java:55)
at java.base/java.util.ArrayList.forEach(ArrayList.java:1511)
... Removed 27 stack frames]]>
    </failure>
  </testcase> <!-- Purchase_PrivateIns_Single_NotPublicServant_YesPensionar_YesDeductible -->
  <testcase classname="FrameworkE2E.PurchaseInsurance_Single" name="Purchase_PrivateIns_Single_PublicServant_YesDeductible" time="221.086">
    <failure type="java.lang.IndexOutOfBoundsException" message="Index 0 out of bounds for length 0">
      <![CDATA[java.lang.IndexOutOfBoundsException: Index 0 out of bounds for length 0
at java.base/jdk.internal.util.Preconditions.outOfBounds(Preconditions.java:64)
at java.base/jdk.internal.util.Preconditions.outOfBoundsCheckIndex(Preconditions.java:70)
at java.base/jdk.internal.util.Preconditions.checkIndex(Preconditions.java:248)
at java.base/java.util.Objects.checkIndex(Objects.java:359)
at java.base/java.util.ArrayList.get(ArrayList.java:427)
at Workflow.PublicServantWorkFlow.PublicServant(PublicServantWorkFlow.java:56)
at FrameworkE2E.PurchaseInsurance_Single.Purchase_PrivateIns_Single_PublicServant_YesDeductible(PurchaseInsurance_Single.java:37)
at java.base/java.util.ArrayList.forEach(ArrayList.java:1511)
... Removed 27 stack frames]]>
    </failure>
  </testcase> <!-- Purchase_PrivateIns_Single_PublicServant_YesDeductible -->
  <testcase classname="FrameworkE2E.PurchaseInsurance_Single" name="Purchase_PrivateIns_Single_PublicServant_NoDeductible" time="42.439"/>
  <testcase classname="FrameworkE2E.PurchaseInsurance_FamilieMitKindern" name="Purchase_PrivateIns_FamilieMitKindern_PublicServant_YesDeductible" time="34.691"/>
  <testcase classname="FrameworkE2E.PurchaseInsurance_PahrOhneKids" name="Purchase_PrivateIns_PahrOhneKids_NotPublicServant_NotPensionar_NotDeductible" time="80.462">
    <failure type="org.openqa.selenium.NoSuchElementException" message="no such element: Unable to locate element: {&amp;quot;method&amp;quot;:&amp;quot;xpath&amp;quot;,&amp;quot;selector&amp;quot;:&amp;quot;//button[@class=&amp;apos;ember-view _button_dsfphm _appearance-secondary_dsfphm _size-medium_dsfphm&amp;apos;]&amp;quot;}
  (Session info: chrome=88.0.4324.150)
For documentation on this error, please visit: https://www.seleniumhq.org/exceptions/no_such_element.html
Build info: version: &amp;apos;3.141.59&amp;apos;, revision: &amp;apos;e82be7d358&amp;apos;, time: &amp;apos;2018-11-14T08:17:03&amp;apos;
System info: host: &amp;apos;DESKTOP-C89KGQR&amp;apos;, ip: &amp;apos;192.168.0.106&amp;apos;, os.name: &amp;apos;Windows 10&amp;apos;, os.arch: &amp;apos;amd64&amp;apos;, os.version: &amp;apos;10.0&amp;apos;, java.version: &amp;apos;15.0.1&amp;apos;
Driver info: org.openqa.selenium.chrome.ChromeDriver
Capabilities {acceptInsecureCerts: false, browserName: chrome, browserVersion: 88.0.4324.150, chrome: {chromedriverVersion: 87.0.4280.88 (89e2380a3e36c..., userDataDir: C:\Users\hp\AppData\Local\T...}, goog:chromeOptions: {debuggerAddress: localhost:61031}, javascriptEnabled: true, networkConnectionEnabled: false, pageLoadStrategy: normal, platform: WINDOWS, platformName: WINDOWS, proxy: Proxy(), setWindowRect: true, strictFileInteractability: false, timeouts: {implicit: 0, pageLoad: 300000, script: 30000}, unhandledPromptBehavior: dismiss and notify, webauthn:virtualAuthenticators: true}
Session ID: 2f0f933f64ca04ebaae3169f96270e94
*** Element info: {Using=xpath, value=//button[@class=&amp;apos;ember-view _button_dsfphm _appearance-secondary_dsfphm _size-medium_dsfphm&amp;apos;]}">
      <![CDATA[org.openqa.selenium.NoSuchElementException: no such element: Unable to locate element: {"method":"xpath","selector":"//button[@class='ember-view _button_dsfphm _appearance-secondary_dsfphm _size-medium_dsfphm']"}
  (Session info: chrome=88.0.4324.150)
For documentation on this error, please visit: https://www.seleniumhq.org/exceptions/no_such_element.html
Build info: version: '3.141.59', revision: 'e82be7d358', time: '2018-11-14T08:17:03'
System info: host: 'DESKTOP-C89KGQR', ip: '192.168.0.106', os.name: 'Windows 10', os.arch: 'amd64', os.version: '10.0', java.version: '15.0.1'
Driver info: org.openqa.selenium.chrome.ChromeDriver
Capabilities {acceptInsecureCerts: false, browserName: chrome, browserVersion: 88.0.4324.150, chrome: {chromedriverVersion: 87.0.4280.88 (89e2380a3e36c..., userDataDir: C:\Users\hp\AppData\Local\T...}, goog:chromeOptions: {debuggerAddress: localhost:61031}, javascriptEnabled: true, networkConnectionEnabled: false, pageLoadStrategy: normal, platform: WINDOWS, platformName: WINDOWS, proxy: Proxy(), setWindowRect: true, strictFileInteractability: false, timeouts: {implicit: 0, pageLoad: 300000, script: 30000}, unhandledPromptBehavior: dismiss and notify, webauthn:virtualAuthenticators: true}
Session ID: 2f0f933f64ca04ebaae3169f96270e94
*** Element info: {Using=xpath, value=//button[@class='ember-view _button_dsfphm _appearance-secondary_dsfphm _size-medium_dsfphm']}
at org.openqa.selenium.remote.http.W3CHttpResponseCodec.createException(W3CHttpResponseCodec.java:187)
at org.openqa.selenium.remote.http.W3CHttpResponseCodec.decode(W3CHttpResponseCodec.java:122)
at org.openqa.selenium.remote.http.W3CHttpResponseCodec.decode(W3CHttpResponseCodec.java:49)
at org.openqa.selenium.remote.HttpCommandExecutor.execute(HttpCommandExecutor.java:158)
at org.openqa.selenium.remote.service.DriverCommandExecutor.execute(DriverCommandExecutor.java:83)
at org.openqa.selenium.remote.RemoteWebDriver.execute(RemoteWebDriver.java:552)
at org.openqa.selenium.remote.RemoteWebDriver.findElement(RemoteWebDriver.java:323)
at org.openqa.selenium.remote.RemoteWebDriver.findElementByXPath(RemoteWebDriver.java:428)
at org.openqa.selenium.By$ByXPath.findElement(By.java:353)
at org.openqa.selenium.remote.RemoteWebDriver.findElement(RemoteWebDriver.java:315)
at Workflow.NonPublicServantWorkFlow.NotPublicServant(NonPublicServantWorkFlow.java:72)
at FrameworkE2E.PurchaseInsurance_PahrOhneKids.Purchase_PrivateIns_PahrOhneKids_NotPublicServant_NotPensionar_NotDeductible(PurchaseInsurance_PahrOhneKids.java:79)
at java.base/java.util.ArrayList.forEach(ArrayList.java:1511)
... Removed 31 stack frames]]>
    </failure>
  </testcase> <!-- Purchase_PrivateIns_PahrOhneKids_NotPublicServant_NotPensionar_NotDeductible -->
  <testcase classname="FrameworkE2E.PurchaseInsurance_PahrOhneKids" name="Purchase_PrivateIns_PahrOhneKids_NotPublicServant_NotPensionar_YesDeductible" time="57.606"/>
  <testcase classname="FrameworkE2E.PurchaseInsurance_PahrOhneKids" name="Purchase_PrivateIns_PahrOhneKids_NotPublicServant_YesPensionar_NoDeductible" time="51.473"/>
  <testcase classname="FrameworkE2E.PurchaseInsurance_PahrOhneKids" name="Purchase_PrivateIns_PahrOhneKids_NotPublicServant_YesPensionar_YesDeductible" time="240.986">
    <failure type="java.lang.IndexOutOfBoundsException" message="Index 0 out of bounds for length 0">
      <![CDATA[java.lang.IndexOutOfBoundsException: Index 0 out of bounds for length 0
at java.base/jdk.internal.util.Preconditions.outOfBounds(Preconditions.java:64)
at java.base/jdk.internal.util.Preconditions.outOfBoundsCheckIndex(Preconditions.java:70)
at java.base/jdk.internal.util.Preconditions.checkIndex(Preconditions.java:248)
at java.base/java.util.Objects.checkIndex(Objects.java:359)
at java.base/java.util.ArrayList.get(ArrayList.java:427)
at Workflow.NonPublicServantWorkFlow.NotPublicServant(NonPublicServantWorkFlow.java:59)
at FrameworkE2E.PurchaseInsurance_PahrOhneKids.Purchase_PrivateIns_PahrOhneKids_NotPublicServant_YesPensionar_YesDeductible(PurchaseInsurance_PahrOhneKids.java:55)
at java.base/java.util.ArrayList.forEach(ArrayList.java:1511)
... Removed 27 stack frames]]>
    </failure>
  </testcase> <!-- Purchase_PrivateIns_PahrOhneKids_NotPublicServant_YesPensionar_YesDeductible -->
  <testcase classname="FrameworkE2E.PurchaseInsurance_PahrOhneKids" name="Purchase_PrivateIns_PahrOhneKids_PublicServant_YesDeductible" time="30.127"/>
  <testcase classname="FrameworkE2E.PurchaseInsurance_PahrOhneKids" name="Purchase_PrivateIns_PahrOhneKids_PublicServant_NoDeductible" time="32.76"/>
  <testcase classname="FrameworkE2E.PurchaseInsurance_SingleMitKindern" name="Purchase_PrivateIns_SingleMitKindern_NotPublicServant_NotPensionar_NotDeductible" time="52.398"/>
  <testcase classname="FrameworkE2E.PurchaseInsurance_SingleMitKindern" name="Purchase_PrivateIns_SingleMitKindern_NotPublicServant_NotPensionar_YesDeductible" time="68.222"/>
  <testcase classname="FrameworkE2E.PurchaseInsurance_SingleMitKindern" name="Purchase_PrivateIns_SingleMitKindern_NotPublicServant_YesPensionar_NoDeductible" time="66.485"/>
  <testcase classname="FrameworkE2E.PurchaseInsurance_SingleMitKindern" name="Purchase_PrivateIns_SingleMitKindern_NotPublicServant_YesPensionar_YesDeductible" time="53.661"/>
  <testcase classname="FrameworkE2E.PurchaseInsurance_SingleMitKindern" name="Purchase_PrivateIns_SingleMitKindern_PublicServant_YesDeductible" time="20.969"/>
  <testcase classname="FrameworkE2E.PurchaseInsurance_SingleMitKindern" name="Purchase_PrivateIns_SingleMitKindern_PublicServant_NoDeductible" time="220.807">
    <failure type="java.lang.IndexOutOfBoundsException" message="Index 0 out of bounds for length 0">
      <![CDATA[java.lang.IndexOutOfBoundsException: Index 0 out of bounds for length 0
at java.base/jdk.internal.util.Preconditions.outOfBounds(Preconditions.java:64)
at java.base/jdk.internal.util.Preconditions.outOfBoundsCheckIndex(Preconditions.java:70)
at java.base/jdk.internal.util.Preconditions.checkIndex(Preconditions.java:248)
at java.base/java.util.Objects.checkIndex(Objects.java:359)
at java.base/java.util.ArrayList.get(ArrayList.java:427)
at Workflow.PublicServantWorkFlow.PublicServant(PublicServantWorkFlow.java:56)
at FrameworkE2E.PurchaseInsurance_SingleMitKindern.Purchase_PrivateIns_SingleMitKindern_PublicServant_NoDeductible(PurchaseInsurance_SingleMitKindern.java:69)
at java.base/java.util.ArrayList.forEach(ArrayList.java:1511)
... Removed 27 stack frames]]>
    </failure>
  </testcase> <!-- Purchase_PrivateIns_SingleMitKindern_PublicServant_NoDeductible -->
</testsuite> <!-- Test -->
