<?xml version="1.0" encoding="UTF-8"?>
<!-- Generated by org.testng.reporters.JUnitXMLReporter -->
<testsuite ignored="0" hostname="DESKTOP-C89KGQR" failures="0" tests="24" name="Test" time="1524.681" errors="0" timestamp="2021-02-13T16:33:07 IST">
  <testcase classname="FrameworkE2E.PurchaseInsurance_Single" name="Purchase_PrivateIns_Single_NotPublicServant_NotPensionar_NotDeductible" time="50.481"/>
  <testcase classname="FrameworkE2E.PurchaseInsurance_Single" name="Purchase_PrivateIns_Single_NotPublicServant_NotPensionar_YesDeductible" time="43.534"/>
  <testcase classname="FrameworkE2E.PurchaseInsurance_Single" name="Purchase_PrivateIns_Single_NotPublicServant_YesPensionar_NoDeductible" time="48.826"/>
  <testcase classname="FrameworkE2E.PurchaseInsurance_Single" name="Purchase_PrivateIns_Single_NotPublicServant_YesPensionar_YesDeductible" time="42.402"/>
  <testcase classname="FrameworkE2E.PurchaseInsurance_Single" name="Purchase_PrivateIns_Single_PublicServant_YesDeductible" time="11.429"/>
  <testcase classname="FrameworkE2E.PurchaseInsurance_Single" name="Purchase_PrivateIns_Single_PublicServant_NoDeductible" time="8.801"/>
  <testcase classname="FrameworkE2E.PurchaseInsurance_FamilieMitKindern" name="Purchase_PrivateIns_FamilieMitKindern_NotPublicServant_NotPensionar_NotDeductible" time="41.536"/>
  <testcase classname="FrameworkE2E.PurchaseInsurance_FamilieMitKindern" name="Purchase_PrivateIns_FamilieMitKindern_NotPublicServant_NotPensionar_YesDeductible" time="41.015"/>
  <testcase classname="FrameworkE2E.PurchaseInsurance_FamilieMitKindern" name="Purchase_PrivateIns_FamilieMitKindern_NotPublicServant_YesPensionar_NoDeductible" time="39.548"/>
  <testcase classname="FrameworkE2E.PurchaseInsurance_FamilieMitKindern" name="Purchase_PrivateIns_FamilieMitKindern_NotPublicServant_YesPensionar_YesDeductible" time="41.491"/>
  <testcase classname="FrameworkE2E.PurchaseInsurance_FamilieMitKindern" name="Purchase_PrivateIns_FamilieMitKindern_PublicServant_YesDeductible" time="10.12"/>
  <testcase classname="FrameworkE2E.PurchaseInsurance_FamilieMitKindern" name="Purchase_PrivateIns_FamilieMitKindern_PublicServant_NoDeductible" time="160.529"/>
  <testcase classname="FrameworkE2E.PurchaseInsurance_PahrOhneKids" name="Purchase_PrivateIns_PahrOhneKids_NotPublicServant_NotPensionar_NotDeductible" time="43.439"/>
  <testcase classname="FrameworkE2E.PurchaseInsurance_PahrOhneKids" name="Purchase_PrivateIns_PahrOhneKids_NotPublicServant_NotPensionar_YesDeductible" time="41.734"/>
  <testcase classname="FrameworkE2E.PurchaseInsurance_PahrOhneKids" name="Purchase_PrivateIns_PahrOhneKids_NotPublicServant_YesPensionar_NoDeductible" time="40.806"/>
  <testcase classname="FrameworkE2E.PurchaseInsurance_PahrOhneKids" name="Purchase_PrivateIns_PahrOhneKids_NotPublicServant_YesPensionar_YesDeductible" time="180.58"/>
  <testcase classname="FrameworkE2E.PurchaseInsurance_PahrOhneKids" name="Purchase_PrivateIns_PahrOhneKids_PublicServant_YesDeductible" time="9.591"/>
  <testcase classname="FrameworkE2E.PurchaseInsurance_PahrOhneKids" name="Purchase_PrivateIns_PahrOhneKids_PublicServant_NoDeductible" time="14.888"/>
  <testcase classname="FrameworkE2E.PurchaseInsurance_SingleMitKindern" name="Purchase_PrivateIns_SingleMitKindern_NotPublicServant_NotPensionar_NotDeductible" time="105.382"/>
  <testcase classname="FrameworkE2E.PurchaseInsurance_SingleMitKindern" name="Purchase_PrivateIns_SingleMitKindern_NotPublicServant_NotPensionar_YesDeductible" time="45.273"/>
  <testcase classname="FrameworkE2E.PurchaseInsurance_SingleMitKindern" name="Purchase_PrivateIns_SingleMitKindern_NotPublicServant_YesPensionar_NoDeductible" time="44.354"/>
  <testcase classname="FrameworkE2E.PurchaseInsurance_SingleMitKindern" name="Purchase_PrivateIns_SingleMitKindern_NotPublicServant_YesPensionar_YesDeductible" time="42.929"/>
  <testcase classname="FrameworkE2E.PurchaseInsurance_SingleMitKindern" name="Purchase_PrivateIns_SingleMitKindern_PublicServant_YesDeductible" time="11.337"/>
  <testcase classname="FrameworkE2E.PurchaseInsurance_SingleMitKindern" name="Purchase_PrivateIns_SingleMitKindern_PublicServant_NoDeductible" time="10.716"/>
</testsuite> <!-- Test -->
