<?xml version="1.0" encoding="UTF-8"?>
<!-- Generated by org.testng.reporters.JUnitXMLReporter -->
<testsuite ignored="0" hostname="DESKTOP-C89KGQR" failures="0" tests="24" name="Test" time="1306.846" errors="0" timestamp="2021-02-13T19:40:47 IST">
  <testcase classname="FrameworkE2E.PurchaseInsurance_Single" name="Purchase_PrivateIns_Single_NotPublicServant_NotPensionar_NotDeductible" time="50.461"/>
  <testcase classname="FrameworkE2E.PurchaseInsurance_Single" name="Purchase_PrivateIns_Single_NotPublicServant_NotPensionar_YesDeductible" time="42.549"/>
  <testcase classname="FrameworkE2E.PurchaseInsurance_Single" name="Purchase_PrivateIns_Single_NotPublicServant_YesPensionar_NoDeductible" time="41.533"/>
  <testcase classname="FrameworkE2E.PurchaseInsurance_Single" name="Purchase_PrivateIns_Single_NotPublicServant_YesPensionar_YesDeductible" time="48.282"/>
  <testcase classname="FrameworkE2E.PurchaseInsurance_Single" name="Purchase_PrivateIns_Single_PublicServant_YesDeductible" time="85.577"/>
  <testcase classname="FrameworkE2E.PurchaseInsurance_Single" name="Purchase_PrivateIns_Single_PublicServant_NoDeductible" time="10.756"/>
  <testcase classname="FrameworkE2E.PurchaseInsurance_FamilieMitKindern" name="Purchase_PrivateIns_FamilieMitKindern_NotPublicServant_NotPensionar_NotDeductible" time="41.669"/>
  <testcase classname="FrameworkE2E.PurchaseInsurance_FamilieMitKindern" name="Purchase_PrivateIns_FamilieMitKindern_NotPublicServant_NotPensionar_YesDeductible" time="39.938"/>
  <testcase classname="FrameworkE2E.PurchaseInsurance_FamilieMitKindern" name="Purchase_PrivateIns_FamilieMitKindern_NotPublicServant_YesPensionar_NoDeductible" time="180.572"/>
  <testcase classname="FrameworkE2E.PurchaseInsurance_FamilieMitKindern" name="Purchase_PrivateIns_FamilieMitKindern_NotPublicServant_YesPensionar_YesDeductible" time="45.634"/>
  <testcase classname="FrameworkE2E.PurchaseInsurance_FamilieMitKindern" name="Purchase_PrivateIns_FamilieMitKindern_PublicServant_YesDeductible" time="11.739"/>
  <testcase classname="FrameworkE2E.PurchaseInsurance_FamilieMitKindern" name="Purchase_PrivateIns_FamilieMitKindern_PublicServant_NoDeductible" time="12.765"/>
  <testcase classname="FrameworkE2E.PurchaseInsurance_PahrOhneKids" name="Purchase_PrivateIns_PahrOhneKids_NotPublicServant_NotPensionar_NotDeductible" time="41.47"/>
  <testcase classname="FrameworkE2E.PurchaseInsurance_PahrOhneKids" name="Purchase_PrivateIns_PahrOhneKids_NotPublicServant_NotPensionar_YesDeductible" time="39.612"/>
  <testcase classname="FrameworkE2E.PurchaseInsurance_PahrOhneKids" name="Purchase_PrivateIns_PahrOhneKids_NotPublicServant_YesPensionar_NoDeductible" time="40.389"/>
  <testcase classname="FrameworkE2E.PurchaseInsurance_PahrOhneKids" name="Purchase_PrivateIns_PahrOhneKids_NotPublicServant_YesPensionar_YesDeductible" time="40.335"/>
  <testcase classname="FrameworkE2E.PurchaseInsurance_PahrOhneKids" name="Purchase_PrivateIns_PahrOhneKids_PublicServant_YesDeductible" time="9.109"/>
  <testcase classname="FrameworkE2E.PurchaseInsurance_PahrOhneKids" name="Purchase_PrivateIns_PahrOhneKids_PublicServant_NoDeductible" time="11.056"/>
  <testcase classname="FrameworkE2E.PurchaseInsurance_SingleMitKindern" name="Purchase_PrivateIns_SingleMitKindern_NotPublicServant_NotPensionar_NotDeductible" time="38.578"/>
  <testcase classname="FrameworkE2E.PurchaseInsurance_SingleMitKindern" name="Purchase_PrivateIns_SingleMitKindern_NotPublicServant_NotPensionar_YesDeductible" time="40.295"/>
  <testcase classname="FrameworkE2E.PurchaseInsurance_SingleMitKindern" name="Purchase_PrivateIns_SingleMitKindern_NotPublicServant_YesPensionar_NoDeductible" time="41.1"/>
  <testcase classname="FrameworkE2E.PurchaseInsurance_SingleMitKindern" name="Purchase_PrivateIns_SingleMitKindern_NotPublicServant_YesPensionar_YesDeductible" time="39.705"/>
  <testcase classname="FrameworkE2E.PurchaseInsurance_SingleMitKindern" name="Purchase_PrivateIns_SingleMitKindern_PublicServant_YesDeductible" time="8.72"/>
  <testcase classname="FrameworkE2E.PurchaseInsurance_SingleMitKindern" name="Purchase_PrivateIns_SingleMitKindern_PublicServant_NoDeductible" time="7.999"/>
</testsuite> <!-- Test -->
