-------------------------------------------------------------------------------
Test set: TestSuite
-------------------------------------------------------------------------------
Tests run: 4, Failures: 1, Errors: 0, Skipped: 0, Time elapsed: 330.956 s <<< FAILURE! - in TestSuite
FrameworkE2E.GetTitle.courses  Time elapsed: 18.582 s  <<< FAILURE!
java.lang.AssertionError: expected:<FEATURED COURSES> but was:<FEATURED COURSES123>
	at FrameworkE2E.GetTitle.courses(GetTitle.java:46)

