<?xml version="1.0" encoding="UTF-8"?>
<testng-results ignored="0" total="24" passed="24" failed="0" skipped="0">
  <reporter-output>
  </reporter-output>
  <suite started-at="2021-02-13T19:18:59 IST" name="Suite" finished-at="2021-02-13T19:40:46 IST" duration-ms="1306846">
    <groups>
    </groups>
    <test started-at="2021-02-13T19:18:59 IST" name="Test" finished-at="2021-02-13T19:40:46 IST" duration-ms="1306846">
      <class name="FrameworkE2E.PurchaseInsurance_SingleMitKindern">
        <test-method is-config="true" signature="initialize()[pri:0, instance:FrameworkE2E.PurchaseInsurance_SingleMitKindern@42f8285e]" started-at="2021-02-13T19:36:43 IST" name="initialize" finished-at="2021-02-13T19:36:54 IST" duration-ms="10698" status="PASS">
          <reporter-output>
          </reporter-output>
        </test-method> <!-- initialize -->
        <test-method signature="Purchase_PrivateIns_SingleMitKindern_NotPublicServant_NotPensionar_NotDeductible()[pri:0, instance:FrameworkE2E.PurchaseInsurance_SingleMitKindern@42f8285e]" started-at="2021-02-13T19:36:54 IST" name="Purchase_PrivateIns_SingleMitKindern_NotPublicServant_NotPensionar_NotDeductible" finished-at="2021-02-13T19:37:33 IST" duration-ms="38578" status="PASS">
          <reporter-output>
          </reporter-output>
        </test-method> <!-- Purchase_PrivateIns_SingleMitKindern_NotPublicServant_NotPensionar_NotDeductible -->
        <test-method is-config="true" signature="teardown()[pri:0, instance:FrameworkE2E.PurchaseInsurance_SingleMitKindern@42f8285e]" started-at="2021-02-13T19:37:33 IST" name="teardown" finished-at="2021-02-13T19:37:33 IST" duration-ms="154" status="PASS">
          <reporter-output>
          </reporter-output>
        </test-method> <!-- teardown -->
        <test-method is-config="true" signature="initialize()[pri:0, instance:FrameworkE2E.PurchaseInsurance_SingleMitKindern@42f8285e]" started-at="2021-02-13T19:37:33 IST" name="initialize" finished-at="2021-02-13T19:37:42 IST" duration-ms="9794" status="PASS">
          <reporter-output>
          </reporter-output>
        </test-method> <!-- initialize -->
        <test-method signature="Purchase_PrivateIns_SingleMitKindern_NotPublicServant_NotPensionar_YesDeductible()[pri:0, instance:FrameworkE2E.PurchaseInsurance_SingleMitKindern@42f8285e]" started-at="2021-02-13T19:37:42 IST" name="Purchase_PrivateIns_SingleMitKindern_NotPublicServant_NotPensionar_YesDeductible" finished-at="2021-02-13T19:38:23 IST" duration-ms="40295" status="PASS">
          <reporter-output>
          </reporter-output>
        </test-method> <!-- Purchase_PrivateIns_SingleMitKindern_NotPublicServant_NotPensionar_YesDeductible -->
        <test-method is-config="true" signature="teardown()[pri:0, instance:FrameworkE2E.PurchaseInsurance_SingleMitKindern@42f8285e]" started-at="2021-02-13T19:38:23 IST" name="teardown" finished-at="2021-02-13T19:38:23 IST" duration-ms="124" status="PASS">
          <reporter-output>
          </reporter-output>
        </test-method> <!-- teardown -->
        <test-method is-config="true" signature="initialize()[pri:0, instance:FrameworkE2E.PurchaseInsurance_SingleMitKindern@42f8285e]" started-at="2021-02-13T19:38:23 IST" name="initialize" finished-at="2021-02-13T19:38:33 IST" duration-ms="9760" status="PASS">
          <reporter-output>
          </reporter-output>
        </test-method> <!-- initialize -->
        <test-method signature="Purchase_PrivateIns_SingleMitKindern_NotPublicServant_YesPensionar_NoDeductible()[pri:0, instance:FrameworkE2E.PurchaseInsurance_SingleMitKindern@42f8285e]" started-at="2021-02-13T19:38:33 IST" name="Purchase_PrivateIns_SingleMitKindern_NotPublicServant_YesPensionar_NoDeductible" finished-at="2021-02-13T19:39:14 IST" duration-ms="41100" status="PASS">
          <reporter-output>
          </reporter-output>
        </test-method> <!-- Purchase_PrivateIns_SingleMitKindern_NotPublicServant_YesPensionar_NoDeductible -->
        <test-method is-config="true" signature="teardown()[pri:0, instance:FrameworkE2E.PurchaseInsurance_SingleMitKindern@42f8285e]" started-at="2021-02-13T19:39:14 IST" name="teardown" finished-at="2021-02-13T19:39:14 IST" duration-ms="139" status="PASS">
          <reporter-output>
          </reporter-output>
        </test-method> <!-- teardown -->
        <test-method is-config="true" signature="initialize()[pri:0, instance:FrameworkE2E.PurchaseInsurance_SingleMitKindern@42f8285e]" started-at="2021-02-13T19:39:14 IST" name="initialize" finished-at="2021-02-13T19:39:26 IST" duration-ms="12440" status="PASS">
          <reporter-output>
          </reporter-output>
        </test-method> <!-- initialize -->
        <test-method signature="Purchase_PrivateIns_SingleMitKindern_NotPublicServant_YesPensionar_YesDeductible()[pri:0, instance:FrameworkE2E.PurchaseInsurance_SingleMitKindern@42f8285e]" started-at="2021-02-13T19:39:26 IST" name="Purchase_PrivateIns_SingleMitKindern_NotPublicServant_YesPensionar_YesDeductible" finished-at="2021-02-13T19:40:06 IST" duration-ms="39705" status="PASS">
          <reporter-output>
          </reporter-output>
        </test-method> <!-- Purchase_PrivateIns_SingleMitKindern_NotPublicServant_YesPensionar_YesDeductible -->
        <test-method is-config="true" signature="teardown()[pri:0, instance:FrameworkE2E.PurchaseInsurance_SingleMitKindern@42f8285e]" started-at="2021-02-13T19:40:06 IST" name="teardown" finished-at="2021-02-13T19:40:06 IST" duration-ms="142" status="PASS">
          <reporter-output>
          </reporter-output>
        </test-method> <!-- teardown -->
        <test-method is-config="true" signature="initialize()[pri:0, instance:FrameworkE2E.PurchaseInsurance_SingleMitKindern@42f8285e]" started-at="2021-02-13T19:40:06 IST" name="initialize" finished-at="2021-02-13T19:40:18 IST" duration-ms="11403" status="PASS">
          <reporter-output>
          </reporter-output>
        </test-method> <!-- initialize -->
        <test-method signature="Purchase_PrivateIns_SingleMitKindern_PublicServant_YesDeductible()[pri:1, instance:FrameworkE2E.PurchaseInsurance_SingleMitKindern@42f8285e]" started-at="2021-02-13T19:40:18 IST" name="Purchase_PrivateIns_SingleMitKindern_PublicServant_YesDeductible" finished-at="2021-02-13T19:40:26 IST" duration-ms="8720" status="PASS">
          <reporter-output>
          </reporter-output>
        </test-method> <!-- Purchase_PrivateIns_SingleMitKindern_PublicServant_YesDeductible -->
        <test-method is-config="true" signature="teardown()[pri:0, instance:FrameworkE2E.PurchaseInsurance_SingleMitKindern@42f8285e]" started-at="2021-02-13T19:40:26 IST" name="teardown" finished-at="2021-02-13T19:40:26 IST" duration-ms="120" status="PASS">
          <reporter-output>
          </reporter-output>
        </test-method> <!-- teardown -->
        <test-method is-config="true" signature="initialize()[pri:0, instance:FrameworkE2E.PurchaseInsurance_SingleMitKindern@42f8285e]" started-at="2021-02-13T19:40:26 IST" name="initialize" finished-at="2021-02-13T19:40:38 IST" duration-ms="11778" status="PASS">
          <reporter-output>
          </reporter-output>
        </test-method> <!-- initialize -->
        <test-method signature="Purchase_PrivateIns_SingleMitKindern_PublicServant_NoDeductible()[pri:2, instance:FrameworkE2E.PurchaseInsurance_SingleMitKindern@42f8285e]" started-at="2021-02-13T19:40:38 IST" name="Purchase_PrivateIns_SingleMitKindern_PublicServant_NoDeductible" finished-at="2021-02-13T19:40:46 IST" duration-ms="7999" status="PASS">
          <reporter-output>
          </reporter-output>
        </test-method> <!-- Purchase_PrivateIns_SingleMitKindern_PublicServant_NoDeductible -->
        <test-method is-config="true" signature="teardown()[pri:0, instance:FrameworkE2E.PurchaseInsurance_SingleMitKindern@42f8285e]" started-at="2021-02-13T19:40:46 IST" name="teardown" finished-at="2021-02-13T19:40:46 IST" duration-ms="123" status="PASS">
          <reporter-output>
          </reporter-output>
        </test-method> <!-- teardown -->
      </class> <!-- FrameworkE2E.PurchaseInsurance_SingleMitKindern -->
      <class name="FrameworkE2E.PurchaseInsurance_FamilieMitKindern">
        <test-method is-config="true" signature="initialize()[pri:0, instance:FrameworkE2E.PurchaseInsurance_FamilieMitKindern@65fe9e33]" started-at="2021-02-13T19:26:01 IST" name="initialize" finished-at="2021-02-13T19:26:10 IST" duration-ms="9565" status="PASS">
          <reporter-output>
          </reporter-output>
        </test-method> <!-- initialize -->
        <test-method signature="Purchase_PrivateIns_FamilieMitKindern_NotPublicServant_NotPensionar_NotDeductible()[pri:0, instance:FrameworkE2E.PurchaseInsurance_FamilieMitKindern@65fe9e33]" started-at="2021-02-13T19:26:10 IST" name="Purchase_PrivateIns_FamilieMitKindern_NotPublicServant_NotPensionar_NotDeductible" finished-at="2021-02-13T19:26:52 IST" duration-ms="41669" status="PASS">
          <reporter-output>
          </reporter-output>
        </test-method> <!-- Purchase_PrivateIns_FamilieMitKindern_NotPublicServant_NotPensionar_NotDeductible -->
        <test-method is-config="true" signature="teardown()[pri:0, instance:FrameworkE2E.PurchaseInsurance_FamilieMitKindern@65fe9e33]" started-at="2021-02-13T19:26:52 IST" name="teardown" finished-at="2021-02-13T19:26:52 IST" duration-ms="144" status="PASS">
          <reporter-output>
          </reporter-output>
        </test-method> <!-- teardown -->
        <test-method is-config="true" signature="initialize()[pri:0, instance:FrameworkE2E.PurchaseInsurance_FamilieMitKindern@65fe9e33]" started-at="2021-02-13T19:26:52 IST" name="initialize" finished-at="2021-02-13T19:27:03 IST" duration-ms="10320" status="PASS">
          <reporter-output>
          </reporter-output>
        </test-method> <!-- initialize -->
        <test-method signature="Purchase_PrivateIns_FamilieMitKindern_NotPublicServant_NotPensionar_YesDeductible()[pri:0, instance:FrameworkE2E.PurchaseInsurance_FamilieMitKindern@65fe9e33]" started-at="2021-02-13T19:27:03 IST" name="Purchase_PrivateIns_FamilieMitKindern_NotPublicServant_NotPensionar_YesDeductible" finished-at="2021-02-13T19:27:42 IST" duration-ms="39938" status="PASS">
          <reporter-output>
          </reporter-output>
        </test-method> <!-- Purchase_PrivateIns_FamilieMitKindern_NotPublicServant_NotPensionar_YesDeductible -->
        <test-method is-config="true" signature="teardown()[pri:0, instance:FrameworkE2E.PurchaseInsurance_FamilieMitKindern@65fe9e33]" started-at="2021-02-13T19:27:42 IST" name="teardown" finished-at="2021-02-13T19:27:43 IST" duration-ms="162" status="PASS">
          <reporter-output>
          </reporter-output>
        </test-method> <!-- teardown -->
        <test-method is-config="true" signature="initialize()[pri:0, instance:FrameworkE2E.PurchaseInsurance_FamilieMitKindern@65fe9e33]" started-at="2021-02-13T19:27:43 IST" name="initialize" finished-at="2021-02-13T19:27:54 IST" duration-ms="10904" status="PASS">
          <reporter-output>
          </reporter-output>
        </test-method> <!-- initialize -->
        <test-method signature="Purchase_PrivateIns_FamilieMitKindern_NotPublicServant_YesPensionar_NoDeductible()[pri:0, instance:FrameworkE2E.PurchaseInsurance_FamilieMitKindern@65fe9e33]" started-at="2021-02-13T19:27:54 IST" name="Purchase_PrivateIns_FamilieMitKindern_NotPublicServant_YesPensionar_NoDeductible" finished-at="2021-02-13T19:30:54 IST" duration-ms="180572" status="PASS">
          <reporter-output>
          </reporter-output>
        </test-method> <!-- Purchase_PrivateIns_FamilieMitKindern_NotPublicServant_YesPensionar_NoDeductible -->
        <test-method is-config="true" signature="teardown()[pri:0, instance:FrameworkE2E.PurchaseInsurance_FamilieMitKindern@65fe9e33]" started-at="2021-02-13T19:30:54 IST" name="teardown" finished-at="2021-02-13T19:30:54 IST" duration-ms="202" status="PASS">
          <reporter-output>
          </reporter-output>
        </test-method> <!-- teardown -->
        <test-method is-config="true" signature="initialize()[pri:0, instance:FrameworkE2E.PurchaseInsurance_FamilieMitKindern@65fe9e33]" started-at="2021-02-13T19:30:54 IST" name="initialize" finished-at="2021-02-13T19:31:04 IST" duration-ms="9963" status="PASS">
          <reporter-output>
          </reporter-output>
        </test-method> <!-- initialize -->
        <test-method signature="Purchase_PrivateIns_FamilieMitKindern_NotPublicServant_YesPensionar_YesDeductible()[pri:0, instance:FrameworkE2E.PurchaseInsurance_FamilieMitKindern@65fe9e33]" started-at="2021-02-13T19:31:04 IST" name="Purchase_PrivateIns_FamilieMitKindern_NotPublicServant_YesPensionar_YesDeductible" finished-at="2021-02-13T19:31:50 IST" duration-ms="45634" status="PASS">
          <reporter-output>
          </reporter-output>
        </test-method> <!-- Purchase_PrivateIns_FamilieMitKindern_NotPublicServant_YesPensionar_YesDeductible -->
        <test-method is-config="true" signature="teardown()[pri:0, instance:FrameworkE2E.PurchaseInsurance_FamilieMitKindern@65fe9e33]" started-at="2021-02-13T19:31:50 IST" name="teardown" finished-at="2021-02-13T19:31:50 IST" duration-ms="140" status="PASS">
          <reporter-output>
          </reporter-output>
        </test-method> <!-- teardown -->
        <test-method is-config="true" signature="initialize()[pri:0, instance:FrameworkE2E.PurchaseInsurance_FamilieMitKindern@65fe9e33]" started-at="2021-02-13T19:31:50 IST" name="initialize" finished-at="2021-02-13T19:32:01 IST" duration-ms="11180" status="PASS">
          <reporter-output>
          </reporter-output>
        </test-method> <!-- initialize -->
        <test-method signature="Purchase_PrivateIns_FamilieMitKindern_PublicServant_YesDeductible()[pri:1, instance:FrameworkE2E.PurchaseInsurance_FamilieMitKindern@65fe9e33]" started-at="2021-02-13T19:32:01 IST" name="Purchase_PrivateIns_FamilieMitKindern_PublicServant_YesDeductible" finished-at="2021-02-13T19:32:13 IST" duration-ms="11739" status="PASS">
          <reporter-output>
          </reporter-output>
        </test-method> <!-- Purchase_PrivateIns_FamilieMitKindern_PublicServant_YesDeductible -->
        <test-method is-config="true" signature="teardown()[pri:0, instance:FrameworkE2E.PurchaseInsurance_FamilieMitKindern@65fe9e33]" started-at="2021-02-13T19:32:13 IST" name="teardown" finished-at="2021-02-13T19:32:13 IST" duration-ms="126" status="PASS">
          <reporter-output>
          </reporter-output>
        </test-method> <!-- teardown -->
        <test-method is-config="true" signature="initialize()[pri:0, instance:FrameworkE2E.PurchaseInsurance_FamilieMitKindern@65fe9e33]" started-at="2021-02-13T19:32:13 IST" name="initialize" finished-at="2021-02-13T19:32:23 IST" duration-ms="10067" status="PASS">
          <reporter-output>
          </reporter-output>
        </test-method> <!-- initialize -->
        <test-method signature="Purchase_PrivateIns_FamilieMitKindern_PublicServant_NoDeductible()[pri:2, instance:FrameworkE2E.PurchaseInsurance_FamilieMitKindern@65fe9e33]" started-at="2021-02-13T19:32:23 IST" name="Purchase_PrivateIns_FamilieMitKindern_PublicServant_NoDeductible" finished-at="2021-02-13T19:32:36 IST" duration-ms="12765" status="PASS">
          <reporter-output>
          </reporter-output>
        </test-method> <!-- Purchase_PrivateIns_FamilieMitKindern_PublicServant_NoDeductible -->
        <test-method is-config="true" signature="teardown()[pri:0, instance:FrameworkE2E.PurchaseInsurance_FamilieMitKindern@65fe9e33]" started-at="2021-02-13T19:32:36 IST" name="teardown" finished-at="2021-02-13T19:32:36 IST" duration-ms="172" status="PASS">
          <reporter-output>
          </reporter-output>
        </test-method> <!-- teardown -->
      </class> <!-- FrameworkE2E.PurchaseInsurance_FamilieMitKindern -->
      <class name="FrameworkE2E.PurchaseInsurance_Single">
        <test-method is-config="true" signature="initialize()[pri:0, instance:FrameworkE2E.PurchaseInsurance_Single@44040454]" started-at="2021-02-13T19:19:00 IST" name="initialize" finished-at="2021-02-13T19:19:26 IST" duration-ms="26644" status="PASS">
          <reporter-output>
          </reporter-output>
        </test-method> <!-- initialize -->
        <test-method signature="Purchase_PrivateIns_Single_NotPublicServant_NotPensionar_NotDeductible()[pri:0, instance:FrameworkE2E.PurchaseInsurance_Single@44040454]" started-at="2021-02-13T19:19:26 IST" name="Purchase_PrivateIns_Single_NotPublicServant_NotPensionar_NotDeductible" finished-at="2021-02-13T19:20:17 IST" duration-ms="50461" status="PASS">
          <reporter-output>
          </reporter-output>
        </test-method> <!-- Purchase_PrivateIns_Single_NotPublicServant_NotPensionar_NotDeductible -->
        <test-method is-config="true" signature="teardown()[pri:0, instance:FrameworkE2E.PurchaseInsurance_Single@44040454]" started-at="2021-02-13T19:20:17 IST" name="teardown" finished-at="2021-02-13T19:20:17 IST" duration-ms="404" status="PASS">
          <reporter-output>
          </reporter-output>
        </test-method> <!-- teardown -->
        <test-method is-config="true" signature="initialize()[pri:0, instance:FrameworkE2E.PurchaseInsurance_Single@44040454]" started-at="2021-02-13T19:20:17 IST" name="initialize" finished-at="2021-02-13T19:20:41 IST" duration-ms="23981" status="PASS">
          <reporter-output>
          </reporter-output>
        </test-method> <!-- initialize -->
        <test-method signature="Purchase_PrivateIns_Single_NotPublicServant_NotPensionar_YesDeductible()[pri:0, instance:FrameworkE2E.PurchaseInsurance_Single@44040454]" started-at="2021-02-13T19:20:41 IST" name="Purchase_PrivateIns_Single_NotPublicServant_NotPensionar_YesDeductible" finished-at="2021-02-13T19:21:24 IST" duration-ms="42549" status="PASS">
          <reporter-output>
          </reporter-output>
        </test-method> <!-- Purchase_PrivateIns_Single_NotPublicServant_NotPensionar_YesDeductible -->
        <test-method is-config="true" signature="teardown()[pri:0, instance:FrameworkE2E.PurchaseInsurance_Single@44040454]" started-at="2021-02-13T19:21:24 IST" name="teardown" finished-at="2021-02-13T19:21:29 IST" duration-ms="5372" status="PASS">
          <reporter-output>
          </reporter-output>
        </test-method> <!-- teardown -->
        <test-method is-config="true" signature="initialize()[pri:0, instance:FrameworkE2E.PurchaseInsurance_Single@44040454]" started-at="2021-02-13T19:21:29 IST" name="initialize" finished-at="2021-02-13T19:21:51 IST" duration-ms="22082" status="PASS">
          <reporter-output>
          </reporter-output>
        </test-method> <!-- initialize -->
        <test-method signature="Purchase_PrivateIns_Single_NotPublicServant_YesPensionar_NoDeductible()[pri:0, instance:FrameworkE2E.PurchaseInsurance_Single@44040454]" started-at="2021-02-13T19:21:51 IST" name="Purchase_PrivateIns_Single_NotPublicServant_YesPensionar_NoDeductible" finished-at="2021-02-13T19:22:33 IST" duration-ms="41533" status="PASS">
          <reporter-output>
          </reporter-output>
        </test-method> <!-- Purchase_PrivateIns_Single_NotPublicServant_YesPensionar_NoDeductible -->
        <test-method is-config="true" signature="teardown()[pri:0, instance:FrameworkE2E.PurchaseInsurance_Single@44040454]" started-at="2021-02-13T19:22:33 IST" name="teardown" finished-at="2021-02-13T19:22:37 IST" duration-ms="4126" status="PASS">
          <reporter-output>
          </reporter-output>
        </test-method> <!-- teardown -->
        <test-method is-config="true" signature="initialize()[pri:0, instance:FrameworkE2E.PurchaseInsurance_Single@44040454]" started-at="2021-02-13T19:22:37 IST" name="initialize" finished-at="2021-02-13T19:23:10 IST" duration-ms="33465" status="PASS">
          <reporter-output>
          </reporter-output>
        </test-method> <!-- initialize -->
        <test-method signature="Purchase_PrivateIns_Single_NotPublicServant_YesPensionar_YesDeductible()[pri:0, instance:FrameworkE2E.PurchaseInsurance_Single@44040454]" started-at="2021-02-13T19:23:10 IST" name="Purchase_PrivateIns_Single_NotPublicServant_YesPensionar_YesDeductible" finished-at="2021-02-13T19:23:58 IST" duration-ms="48282" status="PASS">
          <reporter-output>
          </reporter-output>
        </test-method> <!-- Purchase_PrivateIns_Single_NotPublicServant_YesPensionar_YesDeductible -->
        <test-method is-config="true" signature="teardown()[pri:0, instance:FrameworkE2E.PurchaseInsurance_Single@44040454]" started-at="2021-02-13T19:23:58 IST" name="teardown" finished-at="2021-02-13T19:23:59 IST" duration-ms="240" status="PASS">
          <reporter-output>
          </reporter-output>
        </test-method> <!-- teardown -->
        <test-method is-config="true" signature="initialize()[pri:0, instance:FrameworkE2E.PurchaseInsurance_Single@44040454]" started-at="2021-02-13T19:23:59 IST" name="initialize" finished-at="2021-02-13T19:24:13 IST" duration-ms="14464" status="PASS">
          <reporter-output>
          </reporter-output>
        </test-method> <!-- initialize -->
        <test-method signature="Purchase_PrivateIns_Single_PublicServant_YesDeductible()[pri:1, instance:FrameworkE2E.PurchaseInsurance_Single@44040454]" started-at="2021-02-13T19:24:13 IST" name="Purchase_PrivateIns_Single_PublicServant_YesDeductible" finished-at="2021-02-13T19:25:39 IST" duration-ms="85577" status="PASS">
          <reporter-output>
          </reporter-output>
        </test-method> <!-- Purchase_PrivateIns_Single_PublicServant_YesDeductible -->
        <test-method is-config="true" signature="teardown()[pri:0, instance:FrameworkE2E.PurchaseInsurance_Single@44040454]" started-at="2021-02-13T19:25:39 IST" name="teardown" finished-at="2021-02-13T19:25:39 IST" duration-ms="193" status="PASS">
          <reporter-output>
          </reporter-output>
        </test-method> <!-- teardown -->
        <test-method is-config="true" signature="initialize()[pri:0, instance:FrameworkE2E.PurchaseInsurance_Single@44040454]" started-at="2021-02-13T19:25:39 IST" name="initialize" finished-at="2021-02-13T19:25:50 IST" duration-ms="10949" status="PASS">
          <reporter-output>
          </reporter-output>
        </test-method> <!-- initialize -->
        <test-method signature="Purchase_PrivateIns_Single_PublicServant_NoDeductible()[pri:2, instance:FrameworkE2E.PurchaseInsurance_Single@44040454]" started-at="2021-02-13T19:25:50 IST" name="Purchase_PrivateIns_Single_PublicServant_NoDeductible" finished-at="2021-02-13T19:26:01 IST" duration-ms="10756" status="PASS">
          <reporter-output>
          </reporter-output>
        </test-method> <!-- Purchase_PrivateIns_Single_PublicServant_NoDeductible -->
        <test-method is-config="true" signature="teardown()[pri:0, instance:FrameworkE2E.PurchaseInsurance_Single@44040454]" started-at="2021-02-13T19:26:01 IST" name="teardown" finished-at="2021-02-13T19:26:01 IST" duration-ms="126" status="PASS">
          <reporter-output>
          </reporter-output>
        </test-method> <!-- teardown -->
      </class> <!-- FrameworkE2E.PurchaseInsurance_Single -->
      <class name="FrameworkE2E.PurchaseInsurance_PahrOhneKids">
        <test-method is-config="true" signature="initialize()[pri:0, instance:FrameworkE2E.PurchaseInsurance_PahrOhneKids@18bc345]" started-at="2021-02-13T19:32:36 IST" name="initialize" finished-at="2021-02-13T19:32:46 IST" duration-ms="9873" status="PASS">
          <reporter-output>
          </reporter-output>
        </test-method> <!-- initialize -->
        <test-method signature="Purchase_PrivateIns_PahrOhneKids_NotPublicServant_NotPensionar_NotDeductible()[pri:0, instance:FrameworkE2E.PurchaseInsurance_PahrOhneKids@18bc345]" started-at="2021-02-13T19:32:46 IST" name="Purchase_PrivateIns_PahrOhneKids_NotPublicServant_NotPensionar_NotDeductible" finished-at="2021-02-13T19:33:27 IST" duration-ms="41470" status="PASS">
          <reporter-output>
          </reporter-output>
        </test-method> <!-- Purchase_PrivateIns_PahrOhneKids_NotPublicServant_NotPensionar_NotDeductible -->
        <test-method is-config="true" signature="teardown()[pri:0, instance:FrameworkE2E.PurchaseInsurance_PahrOhneKids@18bc345]" started-at="2021-02-13T19:33:27 IST" name="teardown" finished-at="2021-02-13T19:33:28 IST" duration-ms="145" status="PASS">
          <reporter-output>
          </reporter-output>
        </test-method> <!-- teardown -->
        <test-method is-config="true" signature="initialize()[pri:0, instance:FrameworkE2E.PurchaseInsurance_PahrOhneKids@18bc345]" started-at="2021-02-13T19:33:28 IST" name="initialize" finished-at="2021-02-13T19:33:39 IST" duration-ms="11226" status="PASS">
          <reporter-output>
          </reporter-output>
        </test-method> <!-- initialize -->
        <test-method signature="Purchase_PrivateIns_PahrOhneKids_NotPublicServant_NotPensionar_YesDeductible()[pri:0, instance:FrameworkE2E.PurchaseInsurance_PahrOhneKids@18bc345]" started-at="2021-02-13T19:33:39 IST" name="Purchase_PrivateIns_PahrOhneKids_NotPublicServant_NotPensionar_YesDeductible" finished-at="2021-02-13T19:34:18 IST" duration-ms="39612" status="PASS">
          <reporter-output>
          </reporter-output>
        </test-method> <!-- Purchase_PrivateIns_PahrOhneKids_NotPublicServant_NotPensionar_YesDeductible -->
        <test-method is-config="true" signature="teardown()[pri:0, instance:FrameworkE2E.PurchaseInsurance_PahrOhneKids@18bc345]" started-at="2021-02-13T19:34:18 IST" name="teardown" finished-at="2021-02-13T19:34:18 IST" duration-ms="91" status="PASS">
          <reporter-output>
          </reporter-output>
        </test-method> <!-- teardown -->
        <test-method is-config="true" signature="initialize()[pri:0, instance:FrameworkE2E.PurchaseInsurance_PahrOhneKids@18bc345]" started-at="2021-02-13T19:34:18 IST" name="initialize" finished-at="2021-02-13T19:34:29 IST" duration-ms="10875" status="PASS">
          <reporter-output>
          </reporter-output>
        </test-method> <!-- initialize -->
        <test-method signature="Purchase_PrivateIns_PahrOhneKids_NotPublicServant_YesPensionar_NoDeductible()[pri:0, instance:FrameworkE2E.PurchaseInsurance_PahrOhneKids@18bc345]" started-at="2021-02-13T19:34:29 IST" name="Purchase_PrivateIns_PahrOhneKids_NotPublicServant_YesPensionar_NoDeductible" finished-at="2021-02-13T19:35:10 IST" duration-ms="40389" status="PASS">
          <reporter-output>
          </reporter-output>
        </test-method> <!-- Purchase_PrivateIns_PahrOhneKids_NotPublicServant_YesPensionar_NoDeductible -->
        <test-method is-config="true" signature="teardown()[pri:0, instance:FrameworkE2E.PurchaseInsurance_PahrOhneKids@18bc345]" started-at="2021-02-13T19:35:10 IST" name="teardown" finished-at="2021-02-13T19:35:10 IST" duration-ms="153" status="PASS">
          <reporter-output>
          </reporter-output>
        </test-method> <!-- teardown -->
        <test-method is-config="true" signature="initialize()[pri:0, instance:FrameworkE2E.PurchaseInsurance_PahrOhneKids@18bc345]" started-at="2021-02-13T19:35:10 IST" name="initialize" finished-at="2021-02-13T19:35:21 IST" duration-ms="11514" status="PASS">
          <reporter-output>
          </reporter-output>
        </test-method> <!-- initialize -->
        <test-method signature="Purchase_PrivateIns_PahrOhneKids_NotPublicServant_YesPensionar_YesDeductible()[pri:0, instance:FrameworkE2E.PurchaseInsurance_PahrOhneKids@18bc345]" started-at="2021-02-13T19:35:21 IST" name="Purchase_PrivateIns_PahrOhneKids_NotPublicServant_YesPensionar_YesDeductible" finished-at="2021-02-13T19:36:02 IST" duration-ms="40335" status="PASS">
          <reporter-output>
          </reporter-output>
        </test-method> <!-- Purchase_PrivateIns_PahrOhneKids_NotPublicServant_YesPensionar_YesDeductible -->
        <test-method is-config="true" signature="teardown()[pri:0, instance:FrameworkE2E.PurchaseInsurance_PahrOhneKids@18bc345]" started-at="2021-02-13T19:36:02 IST" name="teardown" finished-at="2021-02-13T19:36:02 IST" duration-ms="147" status="PASS">
          <reporter-output>
          </reporter-output>
        </test-method> <!-- teardown -->
        <test-method is-config="true" signature="initialize()[pri:0, instance:FrameworkE2E.PurchaseInsurance_PahrOhneKids@18bc345]" started-at="2021-02-13T19:36:02 IST" name="initialize" finished-at="2021-02-13T19:36:13 IST" duration-ms="11029" status="PASS">
          <reporter-output>
          </reporter-output>
        </test-method> <!-- initialize -->
        <test-method signature="Purchase_PrivateIns_PahrOhneKids_PublicServant_YesDeductible()[pri:1, instance:FrameworkE2E.PurchaseInsurance_PahrOhneKids@18bc345]" started-at="2021-02-13T19:36:13 IST" name="Purchase_PrivateIns_PahrOhneKids_PublicServant_YesDeductible" finished-at="2021-02-13T19:36:22 IST" duration-ms="9109" status="PASS">
          <reporter-output>
          </reporter-output>
        </test-method> <!-- Purchase_PrivateIns_PahrOhneKids_PublicServant_YesDeductible -->
        <test-method is-config="true" signature="teardown()[pri:0, instance:FrameworkE2E.PurchaseInsurance_PahrOhneKids@18bc345]" started-at="2021-02-13T19:36:22 IST" name="teardown" finished-at="2021-02-13T19:36:22 IST" duration-ms="127" status="PASS">
          <reporter-output>
          </reporter-output>
        </test-method> <!-- teardown -->
        <test-method is-config="true" signature="initialize()[pri:0, instance:FrameworkE2E.PurchaseInsurance_PahrOhneKids@18bc345]" started-at="2021-02-13T19:36:22 IST" name="initialize" finished-at="2021-02-13T19:36:32 IST" duration-ms="9898" status="PASS">
          <reporter-output>
          </reporter-output>
        </test-method> <!-- initialize -->
        <test-method signature="Purchase_PrivateIns_PahrOhneKids_PublicServant_NoDeductible()[pri:2, instance:FrameworkE2E.PurchaseInsurance_PahrOhneKids@18bc345]" started-at="2021-02-13T19:36:32 IST" name="Purchase_PrivateIns_PahrOhneKids_PublicServant_NoDeductible" finished-at="2021-02-13T19:36:43 IST" duration-ms="11056" status="PASS">
          <reporter-output>
          </reporter-output>
        </test-method> <!-- Purchase_PrivateIns_PahrOhneKids_PublicServant_NoDeductible -->
        <test-method is-config="true" signature="teardown()[pri:0, instance:FrameworkE2E.PurchaseInsurance_PahrOhneKids@18bc345]" started-at="2021-02-13T19:36:43 IST" name="teardown" finished-at="2021-02-13T19:36:43 IST" duration-ms="129" status="PASS">
          <reporter-output>
          </reporter-output>
        </test-method> <!-- teardown -->
      </class> <!-- FrameworkE2E.PurchaseInsurance_PahrOhneKids -->
    </test> <!-- Test -->
  </suite> <!-- Suite -->
</testng-results>
