<?xml version="1.0" encoding="UTF-8"?>
<testsuite xmlns:xsi="http://www.w3.org/2001/XMLSchema-instance" xsi:noNamespaceSchemaLocation="https://maven.apache.org/surefire/maven-surefire-plugin/xsd/surefire-test-report-3.0.xsd" version="3.0" name="TestSuite" time="1,312.8" tests="24" errors="0" skipped="0" failures="0">
  <properties>
[...]
</properties>
  <testcase name="Purchase_PrivateIns_Single_NotPublicServant_NotPensionar_NotDeductible" classname="FrameworkE2E.PurchaseInsurance_Single" time="50.475">
    <system-out><![CDATA[C:\Users\hp\ClarkAssignment_Automation\reports\index.html
chrome
Invoked
coming out of loop
Expected condition failed: waiting for element to be clickable: [[ChromeDriver: chrome on WINDOWS (8556e12f6ff7d31835f5056c4162ed00)] -> xpath: //button[@class='btn btn-primary btn--arrow btn--mobile-block btn-next-split']] (tried for 30 second(s) with 500 milliseconds interval)
Build info: version: '3.141.59', revision: 'e82be7d358', time: '2018-11-14T08:17:03'
System info: host: 'DESKTOP-C89KGQR', ip: '192.168.0.106', os.name: 'Windows 10', os.arch: 'amd64', os.version: '10.0', java.version: '15.0.1'
Driver info: org.openqa.selenium.chrome.ChromeDriver
Capabilities {acceptInsecureCerts: false, browserName: chrome, browserVersion: 88.0.4324.150, chrome: {chromedriverVersion: 87.0.4280.88 (89e2380a3e36c..., userDataDir: C:\Users\hp\AppData\Local\T...}, goog:chromeOptions: {debuggerAddress: localhost:61773}, javascriptEnabled: true, networkConnectionEnabled: false, pageLoadStrategy: normal, platform: WINDOWS, platformName: WINDOWS, proxy: Proxy(), setWindowRect: true, strictFileInteractability: false, timeouts: {implicit: 0, pageLoad: 300000, script: 30000}, unhandledPromptBehavior: dismiss and notify, webauthn:virtualAuthenticators: true}
Session ID: 8556e12f6ff7d31835f5056c4162ed00
Manu­fak­tur Augs­burg
Pre­mium
36,75 €
Adcuri
Basis
27,23 €
VHV
Klas­si­k-­Ga­rant mit Exklu­siv
51,00 €
]]></system-out>
    <system-err><![CDATA[Starting ChromeDriver 87.0.4280.88 (89e2380a3e36c3464b5dd1302349b1382549290d-refs/branch-heads/4280@{#1761}) on port 2377
Only local connections are allowed.
Please see https://chromedriver.chromium.org/security-considerations for suggestions on keeping ChromeDriver safe.
ChromeDriver was started successfully.
[1613224152.097][WARNING]: This version of ChromeDriver has not been tested with Chrome version 88.
Feb 13, 2021 7:19:14 PM org.openqa.selenium.remote.ProtocolHandshake createSession
INFO: Detected dialect: W3C
]]></system-err>
  </testcase>
  <testcase name="Purchase_PrivateIns_Single_NotPublicServant_NotPensionar_YesDeductible" classname="FrameworkE2E.PurchaseInsurance_Single" time="42.532">
    <system-out><![CDATA[chrome
Invoked
coming out of loop
Expected condition failed: waiting for element to be clickable: [[ChromeDriver: chrome on WINDOWS (ff404861448b1d624b1c4a37cfca904e)] -> xpath: //button[@class='btn btn-primary btn--arrow btn--mobile-block btn-next-split']] (tried for 30 second(s) with 500 milliseconds interval)
Build info: version: '3.141.59', revision: 'e82be7d358', time: '2018-11-14T08:17:03'
System info: host: 'DESKTOP-C89KGQR', ip: '192.168.0.106', os.name: 'Windows 10', os.arch: 'amd64', os.version: '10.0', java.version: '15.0.1'
Driver info: org.openqa.selenium.chrome.ChromeDriver
Capabilities {acceptInsecureCerts: false, browserName: chrome, browserVersion: 88.0.4324.150, chrome: {chromedriverVersion: 87.0.4280.88 (89e2380a3e36c..., userDataDir: C:\Users\hp\AppData\Local\T...}, goog:chromeOptions: {debuggerAddress: localhost:61865}, javascriptEnabled: true, networkConnectionEnabled: false, pageLoadStrategy: normal, platform: WINDOWS, platformName: WINDOWS, proxy: Proxy(), setWindowRect: true, strictFileInteractability: false, timeouts: {implicit: 0, pageLoad: 300000, script: 30000}, unhandledPromptBehavior: dismiss and notify, webauthn:virtualAuthenticators: true}
Session ID: ff404861448b1d624b1c4a37cfca904e
Haft­pflicht­kasse
Ein­fach gut
37,49 €
Adcuri
Basis- Schutz
23,10 €
VHV
Klas­si­k-­Ga­rant mit Exklu­siv
40,81 €
]]></system-out>
    <system-err><![CDATA[Starting ChromeDriver 87.0.4280.88 (89e2380a3e36c3464b5dd1302349b1382549290d-refs/branch-heads/4280@{#1761}) on port 21811
Only local connections are allowed.
Please see https://chromedriver.chromium.org/security-considerations for suggestions on keeping ChromeDriver safe.
ChromeDriver was started successfully.
[1613224228.508][WARNING]: This version of ChromeDriver has not been tested with Chrome version 88.
Feb 13, 2021 7:20:30 PM org.openqa.selenium.remote.ProtocolHandshake createSession
INFO: Detected dialect: W3C
]]></system-err>
  </testcase>
  <testcase name="Purchase_PrivateIns_Single_NotPublicServant_YesPensionar_NoDeductible" classname="FrameworkE2E.PurchaseInsurance_Single" time="41.531">
    <system-out><![CDATA[chrome
Invoked
coming out of loop
Expected condition failed: waiting for element to be clickable: [[ChromeDriver: chrome on WINDOWS (c61a86c214ff75bc404f5b500ab75b36)] -> xpath: //button[@class='btn btn-primary btn--arrow btn--mobile-block btn-next-split']] (tried for 30 second(s) with 500 milliseconds interval)
Build info: version: '3.141.59', revision: 'e82be7d358', time: '2018-11-14T08:17:03'
System info: host: 'DESKTOP-C89KGQR', ip: '192.168.0.106', os.name: 'Windows 10', os.arch: 'amd64', os.version: '10.0', java.version: '15.0.1'
Driver info: org.openqa.selenium.chrome.ChromeDriver
Capabilities {acceptInsecureCerts: false, browserName: chrome, browserVersion: 88.0.4324.150, chrome: {chromedriverVersion: 87.0.4280.88 (89e2380a3e36c..., userDataDir: C:\Users\hp\AppData\Local\T...}, goog:chromeOptions: {debuggerAddress: localhost:61968}, javascriptEnabled: true, networkConnectionEnabled: false, pageLoadStrategy: normal, platform: WINDOWS, platformName: WINDOWS, proxy: Proxy(), setWindowRect: true, strictFileInteractability: false, timeouts: {implicit: 0, pageLoad: 300000, script: 30000}, unhandledPromptBehavior: dismiss and notify, webauthn:virtualAuthenticators: true}
Session ID: c61a86c214ff75bc404f5b500ab75b36
Adam Riese
Rie­sig Sin­gle
21,29 €
Bava­ria Direkt
Kom­fort S (on­li­ne) - ohne Kin­der
23,00 €
VHV
Klas­si­k-­Ga­rant mit Exklu­siv
40,81 €
]]></system-out>
    <system-err><![CDATA[Starting ChromeDriver 87.0.4280.88 (89e2380a3e36c3464b5dd1302349b1382549290d-refs/branch-heads/4280@{#1761}) on port 35883
Only local connections are allowed.
Please see https://chromedriver.chromium.org/security-considerations for suggestions on keeping ChromeDriver safe.
ChromeDriver was started successfully.
[1613224300.919][WARNING]: This version of ChromeDriver has not been tested with Chrome version 88.
Feb 13, 2021 7:21:43 PM org.openqa.selenium.remote.ProtocolHandshake createSession
INFO: Detected dialect: W3C
]]></system-err>
  </testcase>
  <testcase name="Purchase_PrivateIns_Single_NotPublicServant_YesPensionar_YesDeductible" classname="FrameworkE2E.PurchaseInsurance_Single" time="48.042">
    <system-out><![CDATA[chrome
Invoked
coming out of loop
Expected condition failed: waiting for element to be clickable: [[ChromeDriver: chrome on WINDOWS (23c496fef3345f138a3517dcea9f2723)] -> xpath: //button[@class='btn btn-primary btn--arrow btn--mobile-block btn-next-split']] (tried for 30 second(s) with 500 milliseconds interval)
Build info: version: '3.141.59', revision: 'e82be7d358', time: '2018-11-14T08:17:03'
System info: host: 'DESKTOP-C89KGQR', ip: '192.168.0.106', os.name: 'Windows 10', os.arch: 'amd64', os.version: '10.0', java.version: '15.0.1'
Driver info: org.openqa.selenium.chrome.ChromeDriver
Capabilities {acceptInsecureCerts: false, browserName: chrome, browserVersion: 88.0.4324.150, chrome: {chromedriverVersion: 87.0.4280.88 (89e2380a3e36c..., userDataDir: C:\Users\hp\AppData\Local\T...}, goog:chromeOptions: {debuggerAddress: localhost:62059}, javascriptEnabled: true, networkConnectionEnabled: false, pageLoadStrategy: normal, platform: WINDOWS, platformName: WINDOWS, proxy: Proxy(), setWindowRect: true, strictFileInteractability: false, timeouts: {implicit: 0, pageLoad: 300000, script: 30000}, unhandledPromptBehavior: dismiss and notify, webauthn:virtualAuthenticators: true}
Session ID: 23c496fef3345f138a3517dcea9f2723
Adam Riese
Rie­sig Sin­gle
21,29 €
Bava­ria Direkt
Kom­fort S (on­li­ne) - ohne Kin­der
23,00 €
VHV
Klas­si­k-­Ga­rant mit Exklu­siv
40,81 €
]]></system-out>
    <system-err><![CDATA[Starting ChromeDriver 87.0.4280.88 (89e2380a3e36c3464b5dd1302349b1382549290d-refs/branch-heads/4280@{#1761}) on port 27268
Only local connections are allowed.
Please see https://chromedriver.chromium.org/security-considerations for suggestions on keeping ChromeDriver safe.
ChromeDriver was started successfully.
[1613224365.077][WARNING]: This version of ChromeDriver has not been tested with Chrome version 88.
Feb 13, 2021 7:22:47 PM org.openqa.selenium.remote.ProtocolHandshake createSession
INFO: Detected dialect: W3C
]]></system-err>
  </testcase>
  <testcase name="Purchase_PrivateIns_Single_PublicServant_YesDeductible" classname="FrameworkE2E.PurchaseInsurance_Single" time="85.848">
    <system-out><![CDATA[chrome
Invoked
coming out of loop
no such element: Unable to locate element: {"method":"xpath","selector":"//h1[normalize-space()='Bist du im öffentlichen Dienst beschäftigt?']"}
  (Session info: chrome=88.0.4324.150)
For documentation on this error, please visit: https://www.seleniumhq.org/exceptions/no_such_element.html
Build info: version: '3.141.59', revision: 'e82be7d358', time: '2018-11-14T08:17:03'
System info: host: 'DESKTOP-C89KGQR', ip: '192.168.0.106', os.name: 'Windows 10', os.arch: 'amd64', os.version: '10.0', java.version: '15.0.1'
Driver info: org.openqa.selenium.chrome.ChromeDriver
Capabilities {acceptInsecureCerts: false, browserName: chrome, browserVersion: 88.0.4324.150, chrome: {chromedriverVersion: 87.0.4280.88 (89e2380a3e36c..., userDataDir: C:\Users\hp\AppData\Local\T...}, goog:chromeOptions: {debuggerAddress: localhost:62161}, javascriptEnabled: true, networkConnectionEnabled: false, pageLoadStrategy: normal, platform: WINDOWS, platformName: WINDOWS, proxy: Proxy(), setWindowRect: true, strictFileInteractability: false, timeouts: {implicit: 0, pageLoad: 300000, script: 30000}, unhandledPromptBehavior: dismiss and notify, webauthn:virtualAuthenticators: true}
Session ID: 9d731b0d4506249759c1df8c7ac0dc81
*** Element info: {Using=xpath, value=//h1[normalize-space()='Bist du im öffentlichen Dienst beschäftigt?']}
Cannot invoke "org.openqa.selenium.WebElement.isDisplayed()" because "element" is null
no such element: Unable to locate element: {"method":"xpath","selector":"//h1[normalize-space()='Möchtest du eine Selbstbeteiligung?']"}
  (Session info: chrome=88.0.4324.150)
For documentation on this error, please visit: https://www.seleniumhq.org/exceptions/no_such_element.html
Build info: version: '3.141.59', revision: 'e82be7d358', time: '2018-11-14T08:17:03'
System info: host: 'DESKTOP-C89KGQR', ip: '192.168.0.106', os.name: 'Windows 10', os.arch: 'amd64', os.version: '10.0', java.version: '15.0.1'
Driver info: org.openqa.selenium.chrome.ChromeDriver
Capabilities {acceptInsecureCerts: false, browserName: chrome, browserVersion: 88.0.4324.150, chrome: {chromedriverVersion: 87.0.4280.88 (89e2380a3e36c..., userDataDir: C:\Users\hp\AppData\Local\T...}, goog:chromeOptions: {debuggerAddress: localhost:62161}, javascriptEnabled: true, networkConnectionEnabled: false, pageLoadStrategy: normal, platform: WINDOWS, platformName: WINDOWS, proxy: Proxy(), setWindowRect: true, strictFileInteractability: false, timeouts: {implicit: 0, pageLoad: 300000, script: 30000}, unhandledPromptBehavior: dismiss and notify, webauthn:virtualAuthenticators: true}
Session ID: 9d731b0d4506249759c1df8c7ac0dc81
*** Element info: {Using=xpath, value=//h1[normalize-space()='Möchtest du eine Selbstbeteiligung?']}
Cannot invoke "org.openqa.selenium.WebElement.isDisplayed()" because "element" is null
no such element: Unable to locate element: {"method":"xpath","selector":"//h1[normalize-space()='Dein Angebot ist da!']"}
  (Session info: chrome=88.0.4324.150)
For documentation on this error, please visit: https://www.seleniumhq.org/exceptions/no_such_element.html
Build info: version: '3.141.59', revision: 'e82be7d358', time: '2018-11-14T08:17:03'
System info: host: 'DESKTOP-C89KGQR', ip: '192.168.0.106', os.name: 'Windows 10', os.arch: 'amd64', os.version: '10.0', java.version: '15.0.1'
Driver info: org.openqa.selenium.chrome.ChromeDriver
Capabilities {acceptInsecureCerts: false, browserName: chrome, browserVersion: 88.0.4324.150, chrome: {chromedriverVersion: 87.0.4280.88 (89e2380a3e36c..., userDataDir: C:\Users\hp\AppData\Local\T...}, goog:chromeOptions: {debuggerAddress: localhost:62161}, javascriptEnabled: true, networkConnectionEnabled: false, pageLoadStrategy: normal, platform: WINDOWS, platformName: WINDOWS, proxy: Proxy(), setWindowRect: true, strictFileInteractability: false, timeouts: {implicit: 0, pageLoad: 300000, script: 30000}, unhandledPromptBehavior: dismiss and notify, webauthn:virtualAuthenticators: true}
Session ID: 9d731b0d4506249759c1df8c7ac0dc81
*** Element info: {Using=xpath, value=//h1[normalize-space()='Dein Angebot ist da!']}
Cannot invoke "org.openqa.selenium.WebElement.isDisplayed()" because "element" is null
no such element: Unable to locate element: {"method":"css selector","selector":"._title_2yb545"}
  (Session info: chrome=88.0.4324.150)
For documentation on this error, please visit: https://www.seleniumhq.org/exceptions/no_such_element.html
Build info: version: '3.141.59', revision: 'e82be7d358', time: '2018-11-14T08:17:03'
System info: host: 'DESKTOP-C89KGQR', ip: '192.168.0.106', os.name: 'Windows 10', os.arch: 'amd64', os.version: '10.0', java.version: '15.0.1'
Driver info: org.openqa.selenium.chrome.ChromeDriver
Capabilities {acceptInsecureCerts: false, browserName: chrome, browserVersion: 88.0.4324.150, chrome: {chromedriverVersion: 87.0.4280.88 (89e2380a3e36c..., userDataDir: C:\Users\hp\AppData\Local\T...}, goog:chromeOptions: {debuggerAddress: localhost:62161}, javascriptEnabled: true, networkConnectionEnabled: false, pageLoadStrategy: normal, platform: WINDOWS, platformName: WINDOWS, proxy: Proxy(), setWindowRect: true, strictFileInteractability: false, timeouts: {implicit: 0, pageLoad: 300000, script: 30000}, unhandledPromptBehavior: dismiss and notify, webauthn:virtualAuthenticators: true}
Session ID: 9d731b0d4506249759c1df8c7ac0dc81
*** Element info: {Using=class name, value=_title_2yb545}
Cannot invoke "org.openqa.selenium.WebElement.isDisplayed()" because "element" is null
]]></system-out>
    <system-err><![CDATA[Starting ChromeDriver 87.0.4280.88 (89e2380a3e36c3464b5dd1302349b1382549290d-refs/branch-heads/4280@{#1761}) on port 10995
Only local connections are allowed.
Please see https://chromedriver.chromium.org/security-considerations for suggestions on keeping ChromeDriver safe.
ChromeDriver was started successfully.
[1613224442.596][WARNING]: This version of ChromeDriver has not been tested with Chrome version 88.
Feb 13, 2021 7:24:04 PM org.openqa.selenium.remote.ProtocolHandshake createSession
INFO: Detected dialect: W3C
]]></system-err>
  </testcase>
  <testcase name="Purchase_PrivateIns_Single_PublicServant_NoDeductible" classname="FrameworkE2E.PurchaseInsurance_Single" time="10.384">
    <system-out><![CDATA[chrome
Invoked
coming out of loop
DBV
BOXflex
45,36 €
Adcuri
Basis
27,67 €
VHV
Klas­si­k-­Ga­rant mit Exklu­siv
51,00 €
]]></system-out>
    <system-err><![CDATA[Starting ChromeDriver 87.0.4280.88 (89e2380a3e36c3464b5dd1302349b1382549290d-refs/branch-heads/4280@{#1761}) on port 30131
Only local connections are allowed.
Please see https://chromedriver.chromium.org/security-considerations for suggestions on keeping ChromeDriver safe.
ChromeDriver was started successfully.
[1613224540.766][WARNING]: This version of ChromeDriver has not been tested with Chrome version 88.
Feb 13, 2021 7:25:42 PM org.openqa.selenium.remote.ProtocolHandshake createSession
INFO: Detected dialect: W3C
]]></system-err>
  </testcase>
  <testcase name="Purchase_PrivateIns_FamilieMitKindern_NotPublicServant_NotPensionar_NotDeductible" classname="FrameworkE2E.PurchaseInsurance_FamilieMitKindern" time="41.722">
    <system-out><![CDATA[chrome
Invoked
coming out of loop
Expected condition failed: waiting for element to be clickable: [[ChromeDriver: chrome on WINDOWS (861fe4a04db2a7266948f95752de53fa)] -> xpath: //button[@class='btn btn-primary btn--arrow btn--mobile-block btn-next-split']] (tried for 30 second(s) with 500 milliseconds interval)
Build info: version: '3.141.59', revision: 'e82be7d358', time: '2018-11-14T08:17:03'
System info: host: 'DESKTOP-C89KGQR', ip: '192.168.0.106', os.name: 'Windows 10', os.arch: 'amd64', os.version: '10.0', java.version: '15.0.1'
Driver info: org.openqa.selenium.chrome.ChromeDriver
Capabilities {acceptInsecureCerts: false, browserName: chrome, browserVersion: 88.0.4324.150, chrome: {chromedriverVersion: 87.0.4280.88 (89e2380a3e36c..., userDataDir: C:\Users\hp\AppData\Local\T...}, goog:chromeOptions: {debuggerAddress: localhost:62327}, javascriptEnabled: true, networkConnectionEnabled: false, pageLoadStrategy: normal, platform: WINDOWS, platformName: WINDOWS, proxy: Proxy(), setWindowRect: true, strictFileInteractability: false, timeouts: {implicit: 0, pageLoad: 300000, script: 30000}, unhandledPromptBehavior: dismiss and notify, webauthn:virtualAuthenticators: true}
Session ID: 861fe4a04db2a7266948f95752de53fa
Medi­en­ver­si­che­rung Karls­ruhe
Top
50,13 €
Adcuri
Basis
40,15 €
VHV
Klas­si­k-­Ga­rant mit Exklu­siv
81,01 €
]]></system-out>
    <system-err><![CDATA[Starting ChromeDriver 87.0.4280.88 (89e2380a3e36c3464b5dd1302349b1382549290d-refs/branch-heads/4280@{#1761}) on port 43331
Only local connections are allowed.
Please see https://chromedriver.chromium.org/security-considerations for suggestions on keeping ChromeDriver safe.
ChromeDriver was started successfully.
[1613224562.583][WARNING]: This version of ChromeDriver has not been tested with Chrome version 88.
Feb 13, 2021 7:26:04 PM org.openqa.selenium.remote.ProtocolHandshake createSession
INFO: Detected dialect: W3C
]]></system-err>
  </testcase>
  <testcase name="Purchase_PrivateIns_FamilieMitKindern_NotPublicServant_NotPensionar_YesDeductible" classname="FrameworkE2E.PurchaseInsurance_FamilieMitKindern" time="39.968">
    <system-out><![CDATA[chrome
Invoked
coming out of loop
Expected condition failed: waiting for element to be clickable: [[ChromeDriver: chrome on WINDOWS (468d4f1e0bbd50f33935f0495c2570d0)] -> xpath: //button[@class='btn btn-primary btn--arrow btn--mobile-block btn-next-split']] (tried for 30 second(s) with 500 milliseconds interval)
Build info: version: '3.141.59', revision: 'e82be7d358', time: '2018-11-14T08:17:03'
System info: host: 'DESKTOP-C89KGQR', ip: '192.168.0.106', os.name: 'Windows 10', os.arch: 'amd64', os.version: '10.0', java.version: '15.0.1'
Driver info: org.openqa.selenium.chrome.ChromeDriver
Capabilities {acceptInsecureCerts: false, browserName: chrome, browserVersion: 88.0.4324.150, chrome: {chromedriverVersion: 87.0.4280.88 (89e2380a3e36c..., userDataDir: C:\Users\hp\AppData\Local\T...}, goog:chromeOptions: {debuggerAddress: localhost:62414}, javascriptEnabled: true, networkConnectionEnabled: false, pageLoadStrategy: normal, platform: WINDOWS, platformName: WINDOWS, proxy: Proxy(), setWindowRect: true, strictFileInteractability: false, timeouts: {implicit: 0, pageLoad: 300000, script: 30000}, unhandledPromptBehavior: dismiss and notify, webauthn:virtualAuthenticators: true}
Session ID: 468d4f1e0bbd50f33935f0495c2570d0
Haft­pflicht­kasse
Ein­fach Gut
37,49 €
Adcuri
Basis
34,05 €
Haft­pflicht­kasse
Ein­fach Bes­ser Plus
54,62 €
]]></system-out>
    <system-err><![CDATA[Starting ChromeDriver 87.0.4280.88 (89e2380a3e36c3464b5dd1302349b1382549290d-refs/branch-heads/4280@{#1761}) on port 43348
Only local connections are allowed.
Please see https://chromedriver.chromium.org/security-considerations for suggestions on keeping ChromeDriver safe.
ChromeDriver was started successfully.
[1613224613.943][WARNING]: This version of ChromeDriver has not been tested with Chrome version 88.
Feb 13, 2021 7:26:55 PM org.openqa.selenium.remote.ProtocolHandshake createSession
INFO: Detected dialect: W3C
]]></system-err>
  </testcase>
  <testcase name="Purchase_PrivateIns_FamilieMitKindern_NotPublicServant_YesPensionar_NoDeductible" classname="FrameworkE2E.PurchaseInsurance_FamilieMitKindern" time="181.127">
    <system-out><![CDATA[chrome
Invoked
coming out of loop
no such element: Unable to locate element: {"method":"xpath","selector":"//a[normalize-space()='Angebote']"}
  (Session info: chrome=88.0.4324.150)
For documentation on this error, please visit: https://www.seleniumhq.org/exceptions/no_such_element.html
Build info: version: '3.141.59', revision: 'e82be7d358', time: '2018-11-14T08:17:03'
System info: host: 'DESKTOP-C89KGQR', ip: '192.168.0.106', os.name: 'Windows 10', os.arch: 'amd64', os.version: '10.0', java.version: '15.0.1'
Driver info: org.openqa.selenium.chrome.ChromeDriver
Capabilities {acceptInsecureCerts: false, browserName: chrome, browserVersion: 88.0.4324.150, chrome: {chromedriverVersion: 87.0.4280.88 (89e2380a3e36c..., userDataDir: C:\Users\hp\AppData\Local\T...}, goog:chromeOptions: {debuggerAddress: localhost:62497}, javascriptEnabled: true, networkConnectionEnabled: false, pageLoadStrategy: normal, platform: WINDOWS, platformName: WINDOWS, proxy: Proxy(), setWindowRect: true, strictFileInteractability: false, timeouts: {implicit: 0, pageLoad: 300000, script: 30000}, unhandledPromptBehavior: dismiss and notify, webauthn:virtualAuthenticators: true}
Session ID: cd6e8b74236029285e6bedd3c3610968
*** Element info: {Using=xpath, value=//a[normalize-space()='Angebote']}
Cannot invoke "org.openqa.selenium.WebElement.click()" because "linkAngebote" is null
no such element: Unable to locate element: {"method":"xpath","selector":"//div[@role='presentation']//div[1]//div[1]//div[1]//div[1]"}
  (Session info: chrome=88.0.4324.150)
For documentation on this error, please visit: https://www.seleniumhq.org/exceptions/no_such_element.html
Build info: version: '3.141.59', revision: 'e82be7d358', time: '2018-11-14T08:17:03'
System info: host: 'DESKTOP-C89KGQR', ip: '192.168.0.106', os.name: 'Windows 10', os.arch: 'amd64', os.version: '10.0', java.version: '15.0.1'
Driver info: org.openqa.selenium.chrome.ChromeDriver
Capabilities {acceptInsecureCerts: false, browserName: chrome, browserVersion: 88.0.4324.150, chrome: {chromedriverVersion: 87.0.4280.88 (89e2380a3e36c..., userDataDir: C:\Users\hp\AppData\Local\T...}, goog:chromeOptions: {debuggerAddress: localhost:62497}, javascriptEnabled: true, networkConnectionEnabled: false, pageLoadStrategy: normal, platform: WINDOWS, platformName: WINDOWS, proxy: Proxy(), setWindowRect: true, strictFileInteractability: false, timeouts: {implicit: 0, pageLoad: 300000, script: 30000}, unhandledPromptBehavior: dismiss and notify, webauthn:virtualAuthenticators: true}
Session ID: cd6e8b74236029285e6bedd3c3610968
*** Element info: {Using=xpath, value=//div[@role='presentation']//div[1]//div[1]//div[1]//div[1]}
Cannot invoke "org.openqa.selenium.WebElement.click()" because the return value of "pageObject.OfferTypePage.optforPrivathaftpflicht()" is null
no such element: Unable to locate element: {"method":"xpath","selector":"//button[@id='ember26']"}
  (Session info: chrome=88.0.4324.150)
For documentation on this error, please visit: https://www.seleniumhq.org/exceptions/no_such_element.html
Build info: version: '3.141.59', revision: 'e82be7d358', time: '2018-11-14T08:17:03'
System info: host: 'DESKTOP-C89KGQR', ip: '192.168.0.106', os.name: 'Windows 10', os.arch: 'amd64', os.version: '10.0', java.version: '15.0.1'
Driver info: org.openqa.selenium.chrome.ChromeDriver
Capabilities {acceptInsecureCerts: false, browserName: chrome, browserVersion: 88.0.4324.150, chrome: {chromedriverVersion: 87.0.4280.88 (89e2380a3e36c..., userDataDir: C:\Users\hp\AppData\Local\T...}, goog:chromeOptions: {debuggerAddress: localhost:62497}, javascriptEnabled: true, networkConnectionEnabled: false, pageLoadStrategy: normal, platform: WINDOWS, platformName: WINDOWS, proxy: Proxy(), setWindowRect: true, strictFileInteractability: false, timeouts: {implicit: 0, pageLoad: 300000, script: 30000}, unhandledPromptBehavior: dismiss and notify, webauthn:virtualAuthenticators: true}
Session ID: cd6e8b74236029285e6bedd3c3610968
*** Element info: {Using=xpath, value=//button[@id='ember26']}
Cannot invoke "org.openqa.selenium.WebElement.click()" because the return value of "pageObject.OfferTypePage.BeginQuestion()" is null
no such element: Unable to locate element: {"method":"xpath","selector":"//h1[normalize-space()='Wen möchtest du versichern?']"}
  (Session info: chrome=88.0.4324.150)
For documentation on this error, please visit: https://www.seleniumhq.org/exceptions/no_such_element.html
Build info: version: '3.141.59', revision: 'e82be7d358', time: '2018-11-14T08:17:03'
System info: host: 'DESKTOP-C89KGQR', ip: '192.168.0.106', os.name: 'Windows 10', os.arch: 'amd64', os.version: '10.0', java.version: '15.0.1'
Driver info: org.openqa.selenium.chrome.ChromeDriver
Capabilities {acceptInsecureCerts: false, browserName: chrome, browserVersion: 88.0.4324.150, chrome: {chromedriverVersion: 87.0.4280.88 (89e2380a3e36c..., userDataDir: C:\Users\hp\AppData\Local\T...}, goog:chromeOptions: {debuggerAddress: localhost:62497}, javascriptEnabled: true, networkConnectionEnabled: false, pageLoadStrategy: normal, platform: WINDOWS, platformName: WINDOWS, proxy: Proxy(), setWindowRect: true, strictFileInteractability: false, timeouts: {implicit: 0, pageLoad: 300000, script: 30000}, unhandledPromptBehavior: dismiss and notify, webauthn:virtualAuthenticators: true}
Session ID: cd6e8b74236029285e6bedd3c3610968
*** Element info: {Using=xpath, value=//h1[normalize-space()='Wen möchtest du versichern?']}
Cannot invoke "org.openqa.selenium.WebElement.isDisplayed()" because "element" is null
no such element: Unable to locate element: {"method":"xpath","selector":"//h1[normalize-space()='Bist du im öffentlichen Dienst beschäftigt?']"}
  (Session info: chrome=88.0.4324.150)
For documentation on this error, please visit: https://www.seleniumhq.org/exceptions/no_such_element.html
Build info: version: '3.141.59', revision: 'e82be7d358', time: '2018-11-14T08:17:03'
System info: host: 'DESKTOP-C89KGQR', ip: '192.168.0.106', os.name: 'Windows 10', os.arch: 'amd64', os.version: '10.0', java.version: '15.0.1'
Driver info: org.openqa.selenium.chrome.ChromeDriver
Capabilities {acceptInsecureCerts: false, browserName: chrome, browserVersion: 88.0.4324.150, chrome: {chromedriverVersion: 87.0.4280.88 (89e2380a3e36c..., userDataDir: C:\Users\hp\AppData\Local\T...}, goog:chromeOptions: {debuggerAddress: localhost:62497}, javascriptEnabled: true, networkConnectionEnabled: false, pageLoadStrategy: normal, platform: WINDOWS, platformName: WINDOWS, proxy: Proxy(), setWindowRect: true, strictFileInteractability: false, timeouts: {implicit: 0, pageLoad: 300000, script: 30000}, unhandledPromptBehavior: dismiss and notify, webauthn:virtualAuthenticators: true}
Session ID: cd6e8b74236029285e6bedd3c3610968
*** Element info: {Using=xpath, value=//h1[normalize-space()='Bist du im öffentlichen Dienst beschäftigt?']}
Cannot invoke "org.openqa.selenium.WebElement.isDisplayed()" because "element" is null
no such element: Unable to locate element: {"method":"xpath","selector":"//h1[normalize-space()='Beziehst du eine Altersrente oder Pension (ab dem 60. Lebensjahr)?']"}
  (Session info: chrome=88.0.4324.150)
For documentation on this error, please visit: https://www.seleniumhq.org/exceptions/no_such_element.html
Build info: version: '3.141.59', revision: 'e82be7d358', time: '2018-11-14T08:17:03'
System info: host: 'DESKTOP-C89KGQR', ip: '192.168.0.106', os.name: 'Windows 10', os.arch: 'amd64', os.version: '10.0', java.version: '15.0.1'
Driver info: org.openqa.selenium.chrome.ChromeDriver
Capabilities {acceptInsecureCerts: false, browserName: chrome, browserVersion: 88.0.4324.150, chrome: {chromedriverVersion: 87.0.4280.88 (89e2380a3e36c..., userDataDir: C:\Users\hp\AppData\Local\T...}, goog:chromeOptions: {debuggerAddress: localhost:62497}, javascriptEnabled: true, networkConnectionEnabled: false, pageLoadStrategy: normal, platform: WINDOWS, platformName: WINDOWS, proxy: Proxy(), setWindowRect: true, strictFileInteractability: false, timeouts: {implicit: 0, pageLoad: 300000, script: 30000}, unhandledPromptBehavior: dismiss and notify, webauthn:virtualAuthenticators: true}
Session ID: cd6e8b74236029285e6bedd3c3610968
*** Element info: {Using=xpath, value=//h1[normalize-space()='Beziehst du eine Altersrente oder Pension (ab dem 60. Lebensjahr)?']}
Cannot invoke "org.openqa.selenium.WebElement.isDisplayed()" because "element" is null
no such element: Unable to locate element: {"method":"xpath","selector":"//h1[normalize-space()='Möchtest du eine Selbstbeteiligung?']"}
  (Session info: chrome=88.0.4324.150)
For documentation on this error, please visit: https://www.seleniumhq.org/exceptions/no_such_element.html
Build info: version: '3.141.59', revision: 'e82be7d358', time: '2018-11-14T08:17:03'
System info: host: 'DESKTOP-C89KGQR', ip: '192.168.0.106', os.name: 'Windows 10', os.arch: 'amd64', os.version: '10.0', java.version: '15.0.1'
Driver info: org.openqa.selenium.chrome.ChromeDriver
Capabilities {acceptInsecureCerts: false, browserName: chrome, browserVersion: 88.0.4324.150, chrome: {chromedriverVersion: 87.0.4280.88 (89e2380a3e36c..., userDataDir: C:\Users\hp\AppData\Local\T...}, goog:chromeOptions: {debuggerAddress: localhost:62497}, javascriptEnabled: true, networkConnectionEnabled: false, pageLoadStrategy: normal, platform: WINDOWS, platformName: WINDOWS, proxy: Proxy(), setWindowRect: true, strictFileInteractability: false, timeouts: {implicit: 0, pageLoad: 300000, script: 30000}, unhandledPromptBehavior: dismiss and notify, webauthn:virtualAuthenticators: true}
Session ID: cd6e8b74236029285e6bedd3c3610968
*** Element info: {Using=xpath, value=//h1[normalize-space()='Möchtest du eine Selbstbeteiligung?']}
Cannot invoke "org.openqa.selenium.WebElement.isDisplayed()" because "element" is null
no such element: Unable to locate element: {"method":"xpath","selector":"//h1[normalize-space()='Dein Angebot ist da!']"}
  (Session info: chrome=88.0.4324.150)
For documentation on this error, please visit: https://www.seleniumhq.org/exceptions/no_such_element.html
Build info: version: '3.141.59', revision: 'e82be7d358', time: '2018-11-14T08:17:03'
System info: host: 'DESKTOP-C89KGQR', ip: '192.168.0.106', os.name: 'Windows 10', os.arch: 'amd64', os.version: '10.0', java.version: '15.0.1'
Driver info: org.openqa.selenium.chrome.ChromeDriver
Capabilities {acceptInsecureCerts: false, browserName: chrome, browserVersion: 88.0.4324.150, chrome: {chromedriverVersion: 87.0.4280.88 (89e2380a3e36c..., userDataDir: C:\Users\hp\AppData\Local\T...}, goog:chromeOptions: {debuggerAddress: localhost:62497}, javascriptEnabled: true, networkConnectionEnabled: false, pageLoadStrategy: normal, platform: WINDOWS, platformName: WINDOWS, proxy: Proxy(), setWindowRect: true, strictFileInteractability: false, timeouts: {implicit: 0, pageLoad: 300000, script: 30000}, unhandledPromptBehavior: dismiss and notify, webauthn:virtualAuthenticators: true}
Session ID: cd6e8b74236029285e6bedd3c3610968
*** Element info: {Using=xpath, value=//h1[normalize-space()='Dein Angebot ist da!']}
Cannot invoke "org.openqa.selenium.WebElement.isDisplayed()" because "element" is null
no such element: Unable to locate element: {"method":"css selector","selector":"._title_2yb545"}
  (Session info: chrome=88.0.4324.150)
For documentation on this error, please visit: https://www.seleniumhq.org/exceptions/no_such_element.html
Build info: version: '3.141.59', revision: 'e82be7d358', time: '2018-11-14T08:17:03'
System info: host: 'DESKTOP-C89KGQR', ip: '192.168.0.106', os.name: 'Windows 10', os.arch: 'amd64', os.version: '10.0', java.version: '15.0.1'
Driver info: org.openqa.selenium.chrome.ChromeDriver
Capabilities {acceptInsecureCerts: false, browserName: chrome, browserVersion: 88.0.4324.150, chrome: {chromedriverVersion: 87.0.4280.88 (89e2380a3e36c..., userDataDir: C:\Users\hp\AppData\Local\T...}, goog:chromeOptions: {debuggerAddress: localhost:62497}, javascriptEnabled: true, networkConnectionEnabled: false, pageLoadStrategy: normal, platform: WINDOWS, platformName: WINDOWS, proxy: Proxy(), setWindowRect: true, strictFileInteractability: false, timeouts: {implicit: 0, pageLoad: 300000, script: 30000}, unhandledPromptBehavior: dismiss and notify, webauthn:virtualAuthenticators: true}
Session ID: cd6e8b74236029285e6bedd3c3610968
*** Element info: {Using=class name, value=_title_2yb545}
Cannot invoke "org.openqa.selenium.WebElement.isDisplayed()" because "element" is null
]]></system-out>
    <system-err><![CDATA[Starting ChromeDriver 87.0.4280.88 (89e2380a3e36c3464b5dd1302349b1382549290d-refs/branch-heads/4280@{#1761}) on port 11450
Only local connections are allowed.
Please see https://chromedriver.chromium.org/security-considerations for suggestions on keeping ChromeDriver safe.
ChromeDriver was started successfully.
[1613224664.412][WARNING]: This version of ChromeDriver has not been tested with Chrome version 88.
Feb 13, 2021 7:27:46 PM org.openqa.selenium.remote.ProtocolHandshake createSession
INFO: Detected dialect: W3C
]]></system-err>
  </testcase>
  <testcase name="Purchase_PrivateIns_FamilieMitKindern_NotPublicServant_YesPensionar_YesDeductible" classname="FrameworkE2E.PurchaseInsurance_FamilieMitKindern" time="45.674">
    <system-out><![CDATA[chrome
Invoked
coming out of loop
Expected condition failed: waiting for element to be clickable: [[ChromeDriver: chrome on WINDOWS (852dd9b5cb5220f84ce3788e474179c4)] -> xpath: //button[@class='btn btn-primary btn--arrow btn--mobile-block btn-next-split']] (tried for 30 second(s) with 500 milliseconds interval)
Build info: version: '3.141.59', revision: 'e82be7d358', time: '2018-11-14T08:17:03'
System info: host: 'DESKTOP-C89KGQR', ip: '192.168.0.106', os.name: 'Windows 10', os.arch: 'amd64', os.version: '10.0', java.version: '15.0.1'
Driver info: org.openqa.selenium.chrome.ChromeDriver
Capabilities {acceptInsecureCerts: false, browserName: chrome, browserVersion: 88.0.4324.150, chrome: {chromedriverVersion: 87.0.4280.88 (89e2380a3e36c..., userDataDir: C:\Users\hp\AppData\Local\T...}, goog:chromeOptions: {debuggerAddress: localhost:62586}, javascriptEnabled: true, networkConnectionEnabled: false, pageLoadStrategy: normal, platform: WINDOWS, platformName: WINDOWS, proxy: Proxy(), setWindowRect: true, strictFileInteractability: false, timeouts: {implicit: 0, pageLoad: 300000, script: 30000}, unhandledPromptBehavior: dismiss and notify, webauthn:virtualAuthenticators: true}
Session ID: 852dd9b5cb5220f84ce3788e474179c4
Bava­ria Direkt
Kom­fort M (on­li­ne) - mit Kin­der
44,02 €
rhion.­di­gi­tal
Stan­dard
24,10 €
Haft­pflicht­kasse
Ein­fach Bes­ser 60 Aktiv (pa­pier­los)
47,12 €
]]></system-out>
    <system-err><![CDATA[Starting ChromeDriver 87.0.4280.88 (89e2380a3e36c3464b5dd1302349b1382549290d-refs/branch-heads/4280@{#1761}) on port 16913
Only local connections are allowed.
Please see https://chromedriver.chromium.org/security-considerations for suggestions on keeping ChromeDriver safe.
ChromeDriver was started successfully.
[1613224856.110][WARNING]: This version of ChromeDriver has not been tested with Chrome version 88.
Feb 13, 2021 7:30:58 PM org.openqa.selenium.remote.ProtocolHandshake createSession
INFO: Detected dialect: W3C
]]></system-err>
  </testcase>
  <testcase name="Purchase_PrivateIns_FamilieMitKindern_PublicServant_YesDeductible" classname="FrameworkE2E.PurchaseInsurance_FamilieMitKindern" time="11.703">
    <system-out><![CDATA[chrome
Invoked
coming out of loop
Haft­pflicht­kasse
Ein­fach Gut
37,49 €
Adcuri
Basis
34,86 €
Baye­ri­sche Ver­si­che­rung
Pres­tige
62,30 €
]]></system-out>
    <system-err><![CDATA[Starting ChromeDriver 87.0.4280.88 (89e2380a3e36c3464b5dd1302349b1382549290d-refs/branch-heads/4280@{#1761}) on port 43485
Only local connections are allowed.
Please see https://chromedriver.chromium.org/security-considerations for suggestions on keeping ChromeDriver safe.
ChromeDriver was started successfully.
[1613224911.998][WARNING]: This version of ChromeDriver has not been tested with Chrome version 88.
Feb 13, 2021 7:31:54 PM org.openqa.selenium.remote.ProtocolHandshake createSession
INFO: Detected dialect: W3C
]]></system-err>
  </testcase>
  <testcase name="Purchase_PrivateIns_FamilieMitKindern_PublicServant_NoDeductible" classname="FrameworkE2E.PurchaseInsurance_FamilieMitKindern" time="12.763">
    <system-out><![CDATA[chrome
Invoked
coming out of loop
Medi­en­ver­si­che­rung Karls­ruhe
Top
50,13 €
Baye­ri­sche Ver­si­che­rung
Opti­mal Smart
44,11 €
Bas­ler
Ambiente Top
68,07 €
]]></system-out>
    <system-err><![CDATA[Starting ChromeDriver 87.0.4280.88 (89e2380a3e36c3464b5dd1302349b1382549290d-refs/branch-heads/4280@{#1761}) on port 8998
Only local connections are allowed.
Please see https://chromedriver.chromium.org/security-considerations for suggestions on keeping ChromeDriver safe.
ChromeDriver was started successfully.
[1613224934.881][WARNING]: This version of ChromeDriver has not been tested with Chrome version 88.
Feb 13, 2021 7:32:16 PM org.openqa.selenium.remote.ProtocolHandshake createSession
INFO: Detected dialect: W3C
]]></system-err>
  </testcase>
  <testcase name="Purchase_PrivateIns_PahrOhneKids_NotPublicServant_NotPensionar_NotDeductible" classname="FrameworkE2E.PurchaseInsurance_PahrOhneKids" time="41.24">
    <system-out><![CDATA[chrome
Invoked
coming out of loop
Expected condition failed: waiting for element to be clickable: [[ChromeDriver: chrome on WINDOWS (4898e5eeda48d62c48881142373a085b)] -> xpath: //button[@class='btn btn-primary btn--arrow btn--mobile-block btn-next-split']] (tried for 30 second(s) with 500 milliseconds interval)
Build info: version: '3.141.59', revision: 'e82be7d358', time: '2018-11-14T08:17:03'
System info: host: 'DESKTOP-C89KGQR', ip: '192.168.0.106', os.name: 'Windows 10', os.arch: 'amd64', os.version: '10.0', java.version: '15.0.1'
Driver info: org.openqa.selenium.chrome.ChromeDriver
Capabilities {acceptInsecureCerts: false, browserName: chrome, browserVersion: 88.0.4324.150, chrome: {chromedriverVersion: 87.0.4280.88 (89e2380a3e36c..., userDataDir: C:\Users\hp\AppData\Local\T...}, goog:chromeOptions: {debuggerAddress: localhost:62826}, javascriptEnabled: true, networkConnectionEnabled: false, pageLoadStrategy: normal, platform: WINDOWS, platformName: WINDOWS, proxy: Proxy(), setWindowRect: true, strictFileInteractability: false, timeouts: {implicit: 0, pageLoad: 300000, script: 30000}, unhandledPromptBehavior: dismiss and notify, webauthn:virtualAuthenticators: true}
Session ID: 4898e5eeda48d62c48881142373a085b
Haft­pflicht­kasse
Ein­fach Gut
37,49 €
Adcuri
Basis
34,05 €
Haft­pflicht­kasse
Ein­fach Bes­ser Plus
54,62 €
]]></system-out>
    <system-err><![CDATA[Starting ChromeDriver 87.0.4280.88 (89e2380a3e36c3464b5dd1302349b1382549290d-refs/branch-heads/4280@{#1761}) on port 13011
Only local connections are allowed.
Please see https://chromedriver.chromium.org/security-considerations for suggestions on keeping ChromeDriver safe.
ChromeDriver was started successfully.
[1613224957.914][WARNING]: This version of ChromeDriver has not been tested with Chrome version 88.
Feb 13, 2021 7:32:39 PM org.openqa.selenium.remote.ProtocolHandshake createSession
INFO: Detected dialect: W3C
]]></system-err>
  </testcase>
  <testcase name="Purchase_PrivateIns_PahrOhneKids_NotPublicServant_NotPensionar_YesDeductible" classname="FrameworkE2E.PurchaseInsurance_PahrOhneKids" time="39.655">
    <system-out><![CDATA[chrome
Invoked
coming out of loop
Expected condition failed: waiting for element to be clickable: [[ChromeDriver: chrome on WINDOWS (69e6ba8900c38c446152d4a24a120473)] -> xpath: //button[@class='btn btn-primary btn--arrow btn--mobile-block btn-next-split']] (tried for 30 second(s) with 500 milliseconds interval)
Build info: version: '3.141.59', revision: 'e82be7d358', time: '2018-11-14T08:17:03'
System info: host: 'DESKTOP-C89KGQR', ip: '192.168.0.106', os.name: 'Windows 10', os.arch: 'amd64', os.version: '10.0', java.version: '15.0.1'
Driver info: org.openqa.selenium.chrome.ChromeDriver
Capabilities {acceptInsecureCerts: false, browserName: chrome, browserVersion: 88.0.4324.150, chrome: {chromedriverVersion: 87.0.4280.88 (89e2380a3e36c..., userDataDir: C:\Users\hp\AppData\Local\T...}, goog:chromeOptions: {debuggerAddress: localhost:62915}, javascriptEnabled: true, networkConnectionEnabled: false, pageLoadStrategy: normal, platform: WINDOWS, platformName: WINDOWS, proxy: Proxy(), setWindowRect: true, strictFileInteractability: false, timeouts: {implicit: 0, pageLoad: 300000, script: 30000}, unhandledPromptBehavior: dismiss and notify, webauthn:virtualAuthenticators: true}
Session ID: 69e6ba8900c38c446152d4a24a120473
Haft­pflicht­kasse
Ein­fach Gut
37,49 €
Adcuri
Basis
34,05 €
Haft­pflicht­kasse
Ein­fach Bes­ser Plus
54,62 €
]]></system-out>
    <system-err><![CDATA[Starting ChromeDriver 87.0.4280.88 (89e2380a3e36c3464b5dd1302349b1382549290d-refs/branch-heads/4280@{#1761}) on port 19000
Only local connections are allowed.
Please see https://chromedriver.chromium.org/security-considerations for suggestions on keeping ChromeDriver safe.
ChromeDriver was started successfully.
[1613225009.379][WARNING]: This version of ChromeDriver has not been tested with Chrome version 88.
Feb 13, 2021 7:33:31 PM org.openqa.selenium.remote.ProtocolHandshake createSession
INFO: Detected dialect: W3C
]]></system-err>
  </testcase>
  <testcase name="Purchase_PrivateIns_PahrOhneKids_NotPublicServant_YesPensionar_NoDeductible" classname="FrameworkE2E.PurchaseInsurance_PahrOhneKids" time="40.406">
    <system-out><![CDATA[chrome
Invoked
coming out of loop
Expected condition failed: waiting for element to be clickable: [[ChromeDriver: chrome on WINDOWS (a57ae4d9af6109b77e1c74889e9b4b20)] -> xpath: //button[@class='btn btn-primary btn--arrow btn--mobile-block btn-next-split']] (tried for 30 second(s) with 500 milliseconds interval)
Build info: version: '3.141.59', revision: 'e82be7d358', time: '2018-11-14T08:17:03'
System info: host: 'DESKTOP-C89KGQR', ip: '192.168.0.106', os.name: 'Windows 10', os.arch: 'amd64', os.version: '10.0', java.version: '15.0.1'
Driver info: org.openqa.selenium.chrome.ChromeDriver
Capabilities {acceptInsecureCerts: false, browserName: chrome, browserVersion: 88.0.4324.150, chrome: {chromedriverVersion: 87.0.4280.88 (89e2380a3e36c..., userDataDir: C:\Users\hp\AppData\Local\T...}, goog:chromeOptions: {debuggerAddress: localhost:62997}, javascriptEnabled: true, networkConnectionEnabled: false, pageLoadStrategy: normal, platform: WINDOWS, platformName: WINDOWS, proxy: Proxy(), setWindowRect: true, strictFileInteractability: false, timeouts: {implicit: 0, pageLoad: 300000, script: 30000}, unhandledPromptBehavior: dismiss and notify, webauthn:virtualAuthenticators: true}
Session ID: a57ae4d9af6109b77e1c74889e9b4b20
Bava­ria Direkt
Kom­fort M (on­li­ne) - mit Kin­der
44,02 €
rhion.­di­gi­tal
Stan­dard
24,10 €
Haft­pflicht­kasse
Ein­fach Bes­ser 60 Aktiv (pa­pier­los)
47,12 €
]]></system-out>
    <system-err><![CDATA[Starting ChromeDriver 87.0.4280.88 (89e2380a3e36c3464b5dd1302349b1382549290d-refs/branch-heads/4280@{#1761}) on port 23352
Only local connections are allowed.
Please see https://chromedriver.chromium.org/security-considerations for suggestions on keeping ChromeDriver safe.
ChromeDriver was started successfully.
[1613225060.358][WARNING]: This version of ChromeDriver has not been tested with Chrome version 88.
Feb 13, 2021 7:34:22 PM org.openqa.selenium.remote.ProtocolHandshake createSession
INFO: Detected dialect: W3C
]]></system-err>
  </testcase>
  <testcase name="Purchase_PrivateIns_PahrOhneKids_NotPublicServant_YesPensionar_YesDeductible" classname="FrameworkE2E.PurchaseInsurance_PahrOhneKids" time="40.404">
    <system-out><![CDATA[chrome
Invoked
coming out of loop
Expected condition failed: waiting for element to be clickable: [[ChromeDriver: chrome on WINDOWS (cb64591bae2a9a8610cad906a1095ed7)] -> xpath: //button[@class='btn btn-primary btn--arrow btn--mobile-block btn-next-split']] (tried for 30 second(s) with 500 milliseconds interval)
Build info: version: '3.141.59', revision: 'e82be7d358', time: '2018-11-14T08:17:03'
System info: host: 'DESKTOP-C89KGQR', ip: '192.168.0.106', os.name: 'Windows 10', os.arch: 'amd64', os.version: '10.0', java.version: '15.0.1'
Driver info: org.openqa.selenium.chrome.ChromeDriver
Capabilities {acceptInsecureCerts: false, browserName: chrome, browserVersion: 88.0.4324.150, chrome: {chromedriverVersion: 87.0.4280.88 (89e2380a3e36c..., userDataDir: C:\Users\hp\AppData\Local\T...}, goog:chromeOptions: {debuggerAddress: localhost:63084}, javascriptEnabled: true, networkConnectionEnabled: false, pageLoadStrategy: normal, platform: WINDOWS, platformName: WINDOWS, proxy: Proxy(), setWindowRect: true, strictFileInteractability: false, timeouts: {implicit: 0, pageLoad: 300000, script: 30000}, unhandledPromptBehavior: dismiss and notify, webauthn:virtualAuthenticators: true}
Session ID: cb64591bae2a9a8610cad906a1095ed7
Bava­ria Direkt
Kom­fort M (on­li­ne) - mit Kin­der
44,02 €
rhion.­di­gi­tal
Stan­dard
24,10 €
Haft­pflicht­kasse
Ein­fach Bes­ser 60 Aktiv (pa­pier­los)
47,12 €
]]></system-out>
    <system-err><![CDATA[Starting ChromeDriver 87.0.4280.88 (89e2380a3e36c3464b5dd1302349b1382549290d-refs/branch-heads/4280@{#1761}) on port 31670
Only local connections are allowed.
Please see https://chromedriver.chromium.org/security-considerations for suggestions on keeping ChromeDriver safe.
ChromeDriver was started successfully.
[1613225111.707][WARNING]: This version of ChromeDriver has not been tested with Chrome version 88.
Feb 13, 2021 7:35:13 PM org.openqa.selenium.remote.ProtocolHandshake createSession
INFO: Detected dialect: W3C
]]></system-err>
  </testcase>
  <testcase name="Purchase_PrivateIns_PahrOhneKids_PublicServant_YesDeductible" classname="FrameworkE2E.PurchaseInsurance_PahrOhneKids" time="9.082">
    <system-out><![CDATA[chrome
Invoked
coming out of loop
Haft­pflicht­kasse
Ein­fach Gut
37,49 €
Adcuri
Basis
34,86 €
Baye­ri­sche Ver­si­che­rung
Pres­tige
62,30 €
]]></system-out>
    <system-err><![CDATA[Starting ChromeDriver 87.0.4280.88 (89e2380a3e36c3464b5dd1302349b1382549290d-refs/branch-heads/4280@{#1761}) on port 43892
Only local connections are allowed.
Please see https://chromedriver.chromium.org/security-considerations for suggestions on keeping ChromeDriver safe.
ChromeDriver was started successfully.
[1613225163.707][WARNING]: This version of ChromeDriver has not been tested with Chrome version 88.
Feb 13, 2021 7:36:05 PM org.openqa.selenium.remote.ProtocolHandshake createSession
INFO: Detected dialect: W3C
]]></system-err>
  </testcase>
  <testcase name="Purchase_PrivateIns_PahrOhneKids_PublicServant_NoDeductible" classname="FrameworkE2E.PurchaseInsurance_PahrOhneKids" time="11.054">
    <system-out><![CDATA[chrome
Invoked
coming out of loop
Medi­en­ver­si­che­rung Karls­ruhe
Top
50,13 €
Baye­ri­sche Ver­si­che­rung
Opti­mal Smart
44,11 €
Bas­ler
Ambiente Top
68,07 €
]]></system-out>
    <system-err><![CDATA[Starting ChromeDriver 87.0.4280.88 (89e2380a3e36c3464b5dd1302349b1382549290d-refs/branch-heads/4280@{#1761}) on port 20495
Only local connections are allowed.
Please see https://chromedriver.chromium.org/security-considerations for suggestions on keeping ChromeDriver safe.
ChromeDriver was started successfully.
[1613225184.144][WARNING]: This version of ChromeDriver has not been tested with Chrome version 88.
Feb 13, 2021 7:36:26 PM org.openqa.selenium.remote.ProtocolHandshake createSession
INFO: Detected dialect: W3C
]]></system-err>
  </testcase>
  <testcase name="Purchase_PrivateIns_SingleMitKindern_NotPublicServant_NotPensionar_NotDeductible" classname="FrameworkE2E.PurchaseInsurance_SingleMitKindern" time="38.504">
    <system-out><![CDATA[chrome
Invoked
coming out of loop
Expected condition failed: waiting for element to be clickable: [[ChromeDriver: chrome on WINDOWS (d3f8139abcf42982b2e32f976a2d309e)] -> xpath: //button[@class='btn btn-primary btn--arrow btn--mobile-block btn-next-split']] (tried for 30 second(s) with 500 milliseconds interval)
Build info: version: '3.141.59', revision: 'e82be7d358', time: '2018-11-14T08:17:03'
System info: host: 'DESKTOP-C89KGQR', ip: '192.168.0.106', os.name: 'Windows 10', os.arch: 'amd64', os.version: '10.0', java.version: '15.0.1'
Driver info: org.openqa.selenium.chrome.ChromeDriver
Capabilities {acceptInsecureCerts: false, browserName: chrome, browserVersion: 88.0.4324.150, chrome: {chromedriverVersion: 87.0.4280.88 (89e2380a3e36c..., userDataDir: C:\Users\hp\AppData\Local\T...}, goog:chromeOptions: {debuggerAddress: localhost:63325}, javascriptEnabled: true, networkConnectionEnabled: false, pageLoadStrategy: normal, platform: WINDOWS, platformName: WINDOWS, proxy: Proxy(), setWindowRect: true, strictFileInteractability: false, timeouts: {implicit: 0, pageLoad: 300000, script: 30000}, unhandledPromptBehavior: dismiss and notify, webauthn:virtualAuthenticators: true}
Session ID: d3f8139abcf42982b2e32f976a2d309e
Haft­pflicht­kasse
Ein­fach Gut
37,49 €
Adcuri
Basis
34,05 €
Haft­pflicht­kasse
Ein­fach Bes­ser Plus
54,62 €
]]></system-out>
    <system-err><![CDATA[Starting ChromeDriver 87.0.4280.88 (89e2380a3e36c3464b5dd1302349b1382549290d-refs/branch-heads/4280@{#1761}) on port 35903
Only local connections are allowed.
Please see https://chromedriver.chromium.org/security-considerations for suggestions on keeping ChromeDriver safe.
ChromeDriver was started successfully.
[1613225205.103][WARNING]: This version of ChromeDriver has not been tested with Chrome version 88.
Feb 13, 2021 7:36:47 PM org.openqa.selenium.remote.ProtocolHandshake createSession
INFO: Detected dialect: W3C
]]></system-err>
  </testcase>
  <testcase name="Purchase_PrivateIns_SingleMitKindern_NotPublicServant_NotPensionar_YesDeductible" classname="FrameworkE2E.PurchaseInsurance_SingleMitKindern" time="40.333">
    <system-out><![CDATA[chrome
Invoked
coming out of loop
Expected condition failed: waiting for element to be clickable: [[ChromeDriver: chrome on WINDOWS (a6d0770f9490df9854f3ea6dbcf9f6e4)] -> xpath: //button[@class='btn btn-primary btn--arrow btn--mobile-block btn-next-split']] (tried for 30 second(s) with 500 milliseconds interval)
Build info: version: '3.141.59', revision: 'e82be7d358', time: '2018-11-14T08:17:03'
System info: host: 'DESKTOP-C89KGQR', ip: '192.168.0.106', os.name: 'Windows 10', os.arch: 'amd64', os.version: '10.0', java.version: '15.0.1'
Driver info: org.openqa.selenium.chrome.ChromeDriver
Capabilities {acceptInsecureCerts: false, browserName: chrome, browserVersion: 88.0.4324.150, chrome: {chromedriverVersion: 87.0.4280.88 (89e2380a3e36c..., userDataDir: C:\Users\hp\AppData\Local\T...}, goog:chromeOptions: {debuggerAddress: localhost:63409}, javascriptEnabled: true, networkConnectionEnabled: false, pageLoadStrategy: normal, platform: WINDOWS, platformName: WINDOWS, proxy: Proxy(), setWindowRect: true, strictFileInteractability: false, timeouts: {implicit: 0, pageLoad: 300000, script: 30000}, unhandledPromptBehavior: dismiss and notify, webauthn:virtualAuthenticators: true}
Session ID: a6d0770f9490df9854f3ea6dbcf9f6e4
Haft­pflicht­kasse
Ein­fach Gut
37,49 €
Adcuri
Basis
34,05 €
Haft­pflicht­kasse
Ein­fach Bes­ser Plus
54,62 €
]]></system-out>
    <system-err><![CDATA[Starting ChromeDriver 87.0.4280.88 (89e2380a3e36c3464b5dd1302349b1382549290d-refs/branch-heads/4280@{#1761}) on port 42778
Only local connections are allowed.
Please see https://chromedriver.chromium.org/security-considerations for suggestions on keeping ChromeDriver safe.
ChromeDriver was started successfully.
[1613225254.450][WARNING]: This version of ChromeDriver has not been tested with Chrome version 88.
Feb 13, 2021 7:37:36 PM org.openqa.selenium.remote.ProtocolHandshake createSession
INFO: Detected dialect: W3C
]]></system-err>
  </testcase>
  <testcase name="Purchase_PrivateIns_SingleMitKindern_NotPublicServant_YesPensionar_NoDeductible" classname="FrameworkE2E.PurchaseInsurance_SingleMitKindern" time="41.148">
    <system-out><![CDATA[chrome
Invoked
coming out of loop
Expected condition failed: waiting for element to be clickable: [[ChromeDriver: chrome on WINDOWS (74e26e438c2e535bca950b5119a5bfae)] -> xpath: //button[@class='btn btn-primary btn--arrow btn--mobile-block btn-next-split']] (tried for 30 second(s) with 500 milliseconds interval)
Build info: version: '3.141.59', revision: 'e82be7d358', time: '2018-11-14T08:17:03'
System info: host: 'DESKTOP-C89KGQR', ip: '192.168.0.106', os.name: 'Windows 10', os.arch: 'amd64', os.version: '10.0', java.version: '15.0.1'
Driver info: org.openqa.selenium.chrome.ChromeDriver
Capabilities {acceptInsecureCerts: false, browserName: chrome, browserVersion: 88.0.4324.150, chrome: {chromedriverVersion: 87.0.4280.88 (89e2380a3e36c..., userDataDir: C:\Users\hp\AppData\Local\T...}, goog:chromeOptions: {debuggerAddress: localhost:63486}, javascriptEnabled: true, networkConnectionEnabled: false, pageLoadStrategy: normal, platform: WINDOWS, platformName: WINDOWS, proxy: Proxy(), setWindowRect: true, strictFileInteractability: false, timeouts: {implicit: 0, pageLoad: 300000, script: 30000}, unhandledPromptBehavior: dismiss and notify, webauthn:virtualAuthenticators: true}
Session ID: 74e26e438c2e535bca950b5119a5bfae
Bava­ria Direkt
Kom­fort M (on­li­ne) - mit Kin­der
44,02 €
rhion.­di­gi­tal
Stan­dard
24,10 €
Haft­pflicht­kasse
Ein­fach Bes­ser 60 Aktiv (pa­pier­los)
47,12 €
]]></system-out>
    <system-err><![CDATA[Starting ChromeDriver 87.0.4280.88 (89e2380a3e36c3464b5dd1302349b1382549290d-refs/branch-heads/4280@{#1761}) on port 47184
Only local connections are allowed.
Please see https://chromedriver.chromium.org/security-considerations for suggestions on keeping ChromeDriver safe.
ChromeDriver was started successfully.
[1613225304.698][WARNING]: This version of ChromeDriver has not been tested with Chrome version 88.
Feb 13, 2021 7:38:26 PM org.openqa.selenium.remote.ProtocolHandshake createSession
INFO: Detected dialect: W3C
]]></system-err>
  </testcase>
  <testcase name="Purchase_PrivateIns_SingleMitKindern_NotPublicServant_YesPensionar_YesDeductible" classname="FrameworkE2E.PurchaseInsurance_SingleMitKindern" time="39.752">
    <system-out><![CDATA[chrome
Invoked
coming out of loop
Expected condition failed: waiting for element to be clickable: [[ChromeDriver: chrome on WINDOWS (26697e908d57f3ca3ef107e89401bd8b)] -> xpath: //button[@class='btn btn-primary btn--arrow btn--mobile-block btn-next-split']] (tried for 30 second(s) with 500 milliseconds interval)
Build info: version: '3.141.59', revision: 'e82be7d358', time: '2018-11-14T08:17:03'
System info: host: 'DESKTOP-C89KGQR', ip: '192.168.0.106', os.name: 'Windows 10', os.arch: 'amd64', os.version: '10.0', java.version: '15.0.1'
Driver info: org.openqa.selenium.chrome.ChromeDriver
Capabilities {acceptInsecureCerts: false, browserName: chrome, browserVersion: 88.0.4324.150, chrome: {chromedriverVersion: 87.0.4280.88 (89e2380a3e36c..., userDataDir: C:\Users\hp\AppData\Local\T...}, goog:chromeOptions: {debuggerAddress: localhost:63567}, javascriptEnabled: true, networkConnectionEnabled: false, pageLoadStrategy: normal, platform: WINDOWS, platformName: WINDOWS, proxy: Proxy(), setWindowRect: true, strictFileInteractability: false, timeouts: {implicit: 0, pageLoad: 300000, script: 30000}, unhandledPromptBehavior: dismiss and notify, webauthn:virtualAuthenticators: true}
Session ID: 26697e908d57f3ca3ef107e89401bd8b
Bava­ria Direkt
Kom­fort M (on­li­ne) - mit Kin­der
44,02 €
rhion.­di­gi­tal
Stan­dard
24,10 €
Haft­pflicht­kasse
Ein­fach Bes­ser 60 Aktiv (pa­pier­los)
47,12 €
]]></system-out>
    <system-err><![CDATA[Starting ChromeDriver 87.0.4280.88 (89e2380a3e36c3464b5dd1302349b1382549290d-refs/branch-heads/4280@{#1761}) on port 5708
Only local connections are allowed.
Please see https://chromedriver.chromium.org/security-considerations for suggestions on keeping ChromeDriver safe.
ChromeDriver was started successfully.
[1613225356.657][WARNING]: This version of ChromeDriver has not been tested with Chrome version 88.
Feb 13, 2021 7:39:18 PM org.openqa.selenium.remote.ProtocolHandshake createSession
INFO: Detected dialect: W3C
]]></system-err>
  </testcase>
  <testcase name="Purchase_PrivateIns_SingleMitKindern_PublicServant_YesDeductible" classname="FrameworkE2E.PurchaseInsurance_SingleMitKindern" time="8.511">
    <system-out><![CDATA[chrome
Invoked
coming out of loop
Haft­pflicht­kasse
Ein­fach Gut
37,49 €
Adcuri
Basis
34,86 €
Baye­ri­sche Ver­si­che­rung
Pres­tige
62,30 €
]]></system-out>
    <system-err><![CDATA[Starting ChromeDriver 87.0.4280.88 (89e2380a3e36c3464b5dd1302349b1382549290d-refs/branch-heads/4280@{#1761}) on port 30352
Only local connections are allowed.
Please see https://chromedriver.chromium.org/security-considerations for suggestions on keeping ChromeDriver safe.
ChromeDriver was started successfully.
[1613225408.431][WARNING]: This version of ChromeDriver has not been tested with Chrome version 88.
Feb 13, 2021 7:40:10 PM org.openqa.selenium.remote.ProtocolHandshake createSession
INFO: Detected dialect: W3C
]]></system-err>
  </testcase>
  <testcase name="Purchase_PrivateIns_SingleMitKindern_PublicServant_NoDeductible" classname="FrameworkE2E.PurchaseInsurance_SingleMitKindern" time="7.984">
    <system-out><![CDATA[chrome
Invoked
coming out of loop
Medi­en­ver­si­che­rung Karls­ruhe
Top
50,13 €
Baye­ri­sche Ver­si­che­rung
Opti­mal Smart
44,11 €
Bas­ler
Ambiente Top
68,07 €
]]></system-out>
    <system-err><![CDATA[Starting ChromeDriver 87.0.4280.88 (89e2380a3e36c3464b5dd1302349b1382549290d-refs/branch-heads/4280@{#1761}) on port 37007
Only local connections are allowed.
Please see https://chromedriver.chromium.org/security-considerations for suggestions on keeping ChromeDriver safe.
ChromeDriver was started successfully.
[1613225428.628][WARNING]: This version of ChromeDriver has not been tested with Chrome version 88.
Feb 13, 2021 7:40:30 PM org.openqa.selenium.remote.ProtocolHandshake createSession
INFO: Detected dialect: W3C
]]></system-err>
  </testcase>
</testsuite>