<?xml version="1.0" encoding="UTF-8"?>
<testng-results ignored="0" total="1" passed="1" failed="0" skipped="0">
  <reporter-output>
  </reporter-output>
  <suite started-at="2021-02-12T17:06:08 IST" name="Default suite" finished-at="2021-02-12T17:06:50 IST" duration-ms="41969">
    <groups>
    </groups>
    <test started-at="2021-02-12T17:06:08 IST" name="Default test" finished-at="2021-02-12T17:06:50 IST" duration-ms="41969">
      <class name="FrameworkE2E.PurchaseInsurance">
        <test-method is-config="true" signature="initialize()[pri:0, instance:FrameworkE2E.PurchaseInsurance@44c73c26]" started-at="2021-02-12T17:06:08 IST" name="initialize" finished-at="2021-02-12T17:06:25 IST" duration-ms="17348" status="PASS">
          <reporter-output>
          </reporter-output>
        </test-method> <!-- initialize -->
        <test-method signature="SelectAngebote()[pri:0, instance:FrameworkE2E.PurchaseInsurance@44c73c26]" started-at="2021-02-12T17:06:25 IST" name="SelectAngebote" finished-at="2021-02-12T17:06:50 IST" duration-ms="24427" status="PASS">
          <reporter-output>
          </reporter-output>
        </test-method> <!-- SelectAngebote -->
      </class> <!-- FrameworkE2E.PurchaseInsurance -->
    </test> <!-- Default test -->
  </suite> <!-- Default suite -->
</testng-results>
