<?xml version="1.0" encoding="UTF-8"?>
<testng-results ignored="0" total="24" passed="24" failed="0" skipped="0">
  <reporter-output>
  </reporter-output>
  <suite started-at="2021-02-13T16:07:36 IST" name="Suite" finished-at="2021-02-13T16:33:00 IST" duration-ms="1524681">
    <groups>
    </groups>
    <test started-at="2021-02-13T16:07:36 IST" name="Test" finished-at="2021-02-13T16:33:00 IST" duration-ms="1524681">
      <class name="FrameworkE2E.PurchaseInsurance_SingleMitKindern">
        <test-method is-config="true" signature="initialize()[pri:0, instance:FrameworkE2E.PurchaseInsurance_SingleMitKindern@4409e975]" started-at="2021-02-13T16:27:15 IST" name="initialize" finished-at="2021-02-13T16:27:29 IST" duration-ms="14235" status="PASS">
          <reporter-output>
          </reporter-output>
        </test-method> <!-- initialize -->
        <test-method signature="Purchase_PrivateIns_SingleMitKindern_NotPublicServant_NotPensionar_NotDeductible()[pri:0, instance:FrameworkE2E.PurchaseInsurance_SingleMitKindern@4409e975]" started-at="2021-02-13T16:27:29 IST" name="Purchase_PrivateIns_SingleMitKindern_NotPublicServant_NotPensionar_NotDeductible" finished-at="2021-02-13T16:29:15 IST" duration-ms="105382" status="PASS">
          <reporter-output>
          </reporter-output>
        </test-method> <!-- Purchase_PrivateIns_SingleMitKindern_NotPublicServant_NotPensionar_NotDeductible -->
        <test-method is-config="true" signature="teardown()[pri:0, instance:FrameworkE2E.PurchaseInsurance_SingleMitKindern@4409e975]" started-at="2021-02-13T16:29:15 IST" name="teardown" finished-at="2021-02-13T16:29:15 IST" duration-ms="161" status="PASS">
          <reporter-output>
          </reporter-output>
        </test-method> <!-- teardown -->
        <test-method is-config="true" signature="initialize()[pri:0, instance:FrameworkE2E.PurchaseInsurance_SingleMitKindern@4409e975]" started-at="2021-02-13T16:29:15 IST" name="initialize" finished-at="2021-02-13T16:29:29 IST" duration-ms="13739" status="PASS">
          <reporter-output>
          </reporter-output>
        </test-method> <!-- initialize -->
        <test-method signature="Purchase_PrivateIns_SingleMitKindern_NotPublicServant_NotPensionar_YesDeductible()[pri:0, instance:FrameworkE2E.PurchaseInsurance_SingleMitKindern@4409e975]" started-at="2021-02-13T16:29:29 IST" name="Purchase_PrivateIns_SingleMitKindern_NotPublicServant_NotPensionar_YesDeductible" finished-at="2021-02-13T16:30:14 IST" duration-ms="45273" status="PASS">
          <reporter-output>
          </reporter-output>
        </test-method> <!-- Purchase_PrivateIns_SingleMitKindern_NotPublicServant_NotPensionar_YesDeductible -->
        <test-method is-config="true" signature="teardown()[pri:0, instance:FrameworkE2E.PurchaseInsurance_SingleMitKindern@4409e975]" started-at="2021-02-13T16:30:14 IST" name="teardown" finished-at="2021-02-13T16:30:14 IST" duration-ms="235" status="PASS">
          <reporter-output>
          </reporter-output>
        </test-method> <!-- teardown -->
        <test-method is-config="true" signature="initialize()[pri:0, instance:FrameworkE2E.PurchaseInsurance_SingleMitKindern@4409e975]" started-at="2021-02-13T16:30:14 IST" name="initialize" finished-at="2021-02-13T16:30:29 IST" duration-ms="14627" status="PASS">
          <reporter-output>
          </reporter-output>
        </test-method> <!-- initialize -->
        <test-method signature="Purchase_PrivateIns_SingleMitKindern_NotPublicServant_YesPensionar_NoDeductible()[pri:0, instance:FrameworkE2E.PurchaseInsurance_SingleMitKindern@4409e975]" started-at="2021-02-13T16:30:29 IST" name="Purchase_PrivateIns_SingleMitKindern_NotPublicServant_YesPensionar_NoDeductible" finished-at="2021-02-13T16:31:13 IST" duration-ms="44354" status="PASS">
          <reporter-output>
          </reporter-output>
        </test-method> <!-- Purchase_PrivateIns_SingleMitKindern_NotPublicServant_YesPensionar_NoDeductible -->
        <test-method is-config="true" signature="teardown()[pri:0, instance:FrameworkE2E.PurchaseInsurance_SingleMitKindern@4409e975]" started-at="2021-02-13T16:31:13 IST" name="teardown" finished-at="2021-02-13T16:31:14 IST" duration-ms="1109" status="PASS">
          <reporter-output>
          </reporter-output>
        </test-method> <!-- teardown -->
        <test-method is-config="true" signature="initialize()[pri:0, instance:FrameworkE2E.PurchaseInsurance_SingleMitKindern@4409e975]" started-at="2021-02-13T16:31:14 IST" name="initialize" finished-at="2021-02-13T16:31:27 IST" duration-ms="13037" status="PASS">
          <reporter-output>
          </reporter-output>
        </test-method> <!-- initialize -->
        <test-method signature="Purchase_PrivateIns_SingleMitKindern_NotPublicServant_YesPensionar_YesDeductible()[pri:0, instance:FrameworkE2E.PurchaseInsurance_SingleMitKindern@4409e975]" started-at="2021-02-13T16:31:27 IST" name="Purchase_PrivateIns_SingleMitKindern_NotPublicServant_YesPensionar_YesDeductible" finished-at="2021-02-13T16:32:10 IST" duration-ms="42929" status="PASS">
          <reporter-output>
          </reporter-output>
        </test-method> <!-- Purchase_PrivateIns_SingleMitKindern_NotPublicServant_YesPensionar_YesDeductible -->
        <test-method is-config="true" signature="teardown()[pri:0, instance:FrameworkE2E.PurchaseInsurance_SingleMitKindern@4409e975]" started-at="2021-02-13T16:32:10 IST" name="teardown" finished-at="2021-02-13T16:32:12 IST" duration-ms="1400" status="PASS">
          <reporter-output>
          </reporter-output>
        </test-method> <!-- teardown -->
        <test-method is-config="true" signature="initialize()[pri:0, instance:FrameworkE2E.PurchaseInsurance_SingleMitKindern@4409e975]" started-at="2021-02-13T16:32:12 IST" name="initialize" finished-at="2021-02-13T16:32:26 IST" duration-ms="14677" status="PASS">
          <reporter-output>
          </reporter-output>
        </test-method> <!-- initialize -->
        <test-method signature="Purchase_PrivateIns_SingleMitKindern_PublicServant_YesDeductible()[pri:1, instance:FrameworkE2E.PurchaseInsurance_SingleMitKindern@4409e975]" started-at="2021-02-13T16:32:26 IST" name="Purchase_PrivateIns_SingleMitKindern_PublicServant_YesDeductible" finished-at="2021-02-13T16:32:38 IST" duration-ms="11337" status="PASS">
          <reporter-output>
          </reporter-output>
        </test-method> <!-- Purchase_PrivateIns_SingleMitKindern_PublicServant_YesDeductible -->
        <test-method is-config="true" signature="teardown()[pri:0, instance:FrameworkE2E.PurchaseInsurance_SingleMitKindern@4409e975]" started-at="2021-02-13T16:32:38 IST" name="teardown" finished-at="2021-02-13T16:32:38 IST" duration-ms="149" status="PASS">
          <reporter-output>
          </reporter-output>
        </test-method> <!-- teardown -->
        <test-method is-config="true" signature="initialize()[pri:0, instance:FrameworkE2E.PurchaseInsurance_SingleMitKindern@4409e975]" started-at="2021-02-13T16:32:38 IST" name="initialize" finished-at="2021-02-13T16:32:49 IST" duration-ms="11311" status="PASS">
          <reporter-output>
          </reporter-output>
        </test-method> <!-- initialize -->
        <test-method signature="Purchase_PrivateIns_SingleMitKindern_PublicServant_NoDeductible()[pri:2, instance:FrameworkE2E.PurchaseInsurance_SingleMitKindern@4409e975]" started-at="2021-02-13T16:32:49 IST" name="Purchase_PrivateIns_SingleMitKindern_PublicServant_NoDeductible" finished-at="2021-02-13T16:33:00 IST" duration-ms="10716" status="PASS">
          <reporter-output>
          </reporter-output>
        </test-method> <!-- Purchase_PrivateIns_SingleMitKindern_PublicServant_NoDeductible -->
        <test-method is-config="true" signature="teardown()[pri:0, instance:FrameworkE2E.PurchaseInsurance_SingleMitKindern@4409e975]" started-at="2021-02-13T16:33:00 IST" name="teardown" finished-at="2021-02-13T16:33:00 IST" duration-ms="305" status="PASS">
          <reporter-output>
          </reporter-output>
        </test-method> <!-- teardown -->
      </class> <!-- FrameworkE2E.PurchaseInsurance_SingleMitKindern -->
      <class name="FrameworkE2E.PurchaseInsurance_FamilieMitKindern">
        <test-method is-config="true" signature="initialize()[pri:0, instance:FrameworkE2E.PurchaseInsurance_FamilieMitKindern@1d0d6318]" started-at="2021-02-13T16:12:58 IST" name="initialize" finished-at="2021-02-13T16:13:15 IST" duration-ms="17090" status="PASS">
          <reporter-output>
          </reporter-output>
        </test-method> <!-- initialize -->
        <test-method signature="Purchase_PrivateIns_FamilieMitKindern_NotPublicServant_NotPensionar_NotDeductible()[pri:0, instance:FrameworkE2E.PurchaseInsurance_FamilieMitKindern@1d0d6318]" started-at="2021-02-13T16:13:15 IST" name="Purchase_PrivateIns_FamilieMitKindern_NotPublicServant_NotPensionar_NotDeductible" finished-at="2021-02-13T16:13:57 IST" duration-ms="41536" status="PASS">
          <reporter-output>
          </reporter-output>
        </test-method> <!-- Purchase_PrivateIns_FamilieMitKindern_NotPublicServant_NotPensionar_NotDeductible -->
        <test-method is-config="true" signature="teardown()[pri:0, instance:FrameworkE2E.PurchaseInsurance_FamilieMitKindern@1d0d6318]" started-at="2021-02-13T16:13:57 IST" name="teardown" finished-at="2021-02-13T16:13:57 IST" duration-ms="134" status="PASS">
          <reporter-output>
          </reporter-output>
        </test-method> <!-- teardown -->
        <test-method is-config="true" signature="initialize()[pri:0, instance:FrameworkE2E.PurchaseInsurance_FamilieMitKindern@1d0d6318]" started-at="2021-02-13T16:13:57 IST" name="initialize" finished-at="2021-02-13T16:14:10 IST" duration-ms="13672" status="PASS">
          <reporter-output>
          </reporter-output>
        </test-method> <!-- initialize -->
        <test-method signature="Purchase_PrivateIns_FamilieMitKindern_NotPublicServant_NotPensionar_YesDeductible()[pri:0, instance:FrameworkE2E.PurchaseInsurance_FamilieMitKindern@1d0d6318]" started-at="2021-02-13T16:14:10 IST" name="Purchase_PrivateIns_FamilieMitKindern_NotPublicServant_NotPensionar_YesDeductible" finished-at="2021-02-13T16:14:51 IST" duration-ms="41015" status="PASS">
          <reporter-output>
          </reporter-output>
        </test-method> <!-- Purchase_PrivateIns_FamilieMitKindern_NotPublicServant_NotPensionar_YesDeductible -->
        <test-method is-config="true" signature="teardown()[pri:0, instance:FrameworkE2E.PurchaseInsurance_FamilieMitKindern@1d0d6318]" started-at="2021-02-13T16:14:51 IST" name="teardown" finished-at="2021-02-13T16:14:52 IST" duration-ms="359" status="PASS">
          <reporter-output>
          </reporter-output>
        </test-method> <!-- teardown -->
        <test-method is-config="true" signature="initialize()[pri:0, instance:FrameworkE2E.PurchaseInsurance_FamilieMitKindern@1d0d6318]" started-at="2021-02-13T16:14:52 IST" name="initialize" finished-at="2021-02-13T16:15:08 IST" duration-ms="15890" status="PASS">
          <reporter-output>
          </reporter-output>
        </test-method> <!-- initialize -->
        <test-method signature="Purchase_PrivateIns_FamilieMitKindern_NotPublicServant_YesPensionar_NoDeductible()[pri:0, instance:FrameworkE2E.PurchaseInsurance_FamilieMitKindern@1d0d6318]" started-at="2021-02-13T16:15:08 IST" name="Purchase_PrivateIns_FamilieMitKindern_NotPublicServant_YesPensionar_NoDeductible" finished-at="2021-02-13T16:15:47 IST" duration-ms="39548" status="PASS">
          <reporter-output>
          </reporter-output>
        </test-method> <!-- Purchase_PrivateIns_FamilieMitKindern_NotPublicServant_YesPensionar_NoDeductible -->
        <test-method is-config="true" signature="teardown()[pri:0, instance:FrameworkE2E.PurchaseInsurance_FamilieMitKindern@1d0d6318]" started-at="2021-02-13T16:15:47 IST" name="teardown" finished-at="2021-02-13T16:15:47 IST" duration-ms="105" status="PASS">
          <reporter-output>
          </reporter-output>
        </test-method> <!-- teardown -->
        <test-method is-config="true" signature="initialize()[pri:0, instance:FrameworkE2E.PurchaseInsurance_FamilieMitKindern@1d0d6318]" started-at="2021-02-13T16:15:47 IST" name="initialize" finished-at="2021-02-13T16:16:03 IST" duration-ms="15290" status="PASS">
          <reporter-output>
          </reporter-output>
        </test-method> <!-- initialize -->
        <test-method signature="Purchase_PrivateIns_FamilieMitKindern_NotPublicServant_YesPensionar_YesDeductible()[pri:0, instance:FrameworkE2E.PurchaseInsurance_FamilieMitKindern@1d0d6318]" started-at="2021-02-13T16:16:03 IST" name="Purchase_PrivateIns_FamilieMitKindern_NotPublicServant_YesPensionar_YesDeductible" finished-at="2021-02-13T16:16:44 IST" duration-ms="41491" status="PASS">
          <reporter-output>
          </reporter-output>
        </test-method> <!-- Purchase_PrivateIns_FamilieMitKindern_NotPublicServant_YesPensionar_YesDeductible -->
        <test-method is-config="true" signature="teardown()[pri:0, instance:FrameworkE2E.PurchaseInsurance_FamilieMitKindern@1d0d6318]" started-at="2021-02-13T16:16:44 IST" name="teardown" finished-at="2021-02-13T16:16:45 IST" duration-ms="1021" status="PASS">
          <reporter-output>
          </reporter-output>
        </test-method> <!-- teardown -->
        <test-method is-config="true" signature="initialize()[pri:0, instance:FrameworkE2E.PurchaseInsurance_FamilieMitKindern@1d0d6318]" started-at="2021-02-13T16:16:45 IST" name="initialize" finished-at="2021-02-13T16:17:04 IST" duration-ms="18718" status="PASS">
          <reporter-output>
          </reporter-output>
        </test-method> <!-- initialize -->
        <test-method signature="Purchase_PrivateIns_FamilieMitKindern_PublicServant_YesDeductible()[pri:1, instance:FrameworkE2E.PurchaseInsurance_FamilieMitKindern@1d0d6318]" started-at="2021-02-13T16:17:04 IST" name="Purchase_PrivateIns_FamilieMitKindern_PublicServant_YesDeductible" finished-at="2021-02-13T16:17:14 IST" duration-ms="10120" status="PASS">
          <reporter-output>
          </reporter-output>
        </test-method> <!-- Purchase_PrivateIns_FamilieMitKindern_PublicServant_YesDeductible -->
        <test-method is-config="true" signature="teardown()[pri:0, instance:FrameworkE2E.PurchaseInsurance_FamilieMitKindern@1d0d6318]" started-at="2021-02-13T16:17:14 IST" name="teardown" finished-at="2021-02-13T16:17:14 IST" duration-ms="132" status="PASS">
          <reporter-output>
          </reporter-output>
        </test-method> <!-- teardown -->
        <test-method is-config="true" signature="initialize()[pri:0, instance:FrameworkE2E.PurchaseInsurance_FamilieMitKindern@1d0d6318]" started-at="2021-02-13T16:17:14 IST" name="initialize" finished-at="2021-02-13T16:17:24 IST" duration-ms="9679" status="PASS">
          <reporter-output>
          </reporter-output>
        </test-method> <!-- initialize -->
        <test-method signature="Purchase_PrivateIns_FamilieMitKindern_PublicServant_NoDeductible()[pri:2, instance:FrameworkE2E.PurchaseInsurance_FamilieMitKindern@1d0d6318]" started-at="2021-02-13T16:17:24 IST" name="Purchase_PrivateIns_FamilieMitKindern_PublicServant_NoDeductible" finished-at="2021-02-13T16:20:04 IST" duration-ms="160529" status="PASS">
          <reporter-output>
          </reporter-output>
        </test-method> <!-- Purchase_PrivateIns_FamilieMitKindern_PublicServant_NoDeductible -->
        <test-method is-config="true" signature="teardown()[pri:0, instance:FrameworkE2E.PurchaseInsurance_FamilieMitKindern@1d0d6318]" started-at="2021-02-13T16:20:04 IST" name="teardown" finished-at="2021-02-13T16:20:04 IST" duration-ms="123" status="PASS">
          <reporter-output>
          </reporter-output>
        </test-method> <!-- teardown -->
      </class> <!-- FrameworkE2E.PurchaseInsurance_FamilieMitKindern -->
      <class name="FrameworkE2E.PurchaseInsurance_Single">
        <test-method is-config="true" signature="initialize()[pri:0, instance:FrameworkE2E.PurchaseInsurance_Single@13f17eb4]" started-at="2021-02-13T16:07:36 IST" name="initialize" finished-at="2021-02-13T16:08:06 IST" duration-ms="30062" status="PASS">
          <reporter-output>
          </reporter-output>
        </test-method> <!-- initialize -->
        <test-method signature="Purchase_PrivateIns_Single_NotPublicServant_NotPensionar_NotDeductible()[pri:0, instance:FrameworkE2E.PurchaseInsurance_Single@13f17eb4]" started-at="2021-02-13T16:08:06 IST" name="Purchase_PrivateIns_Single_NotPublicServant_NotPensionar_NotDeductible" finished-at="2021-02-13T16:08:56 IST" duration-ms="50481" status="PASS">
          <reporter-output>
          </reporter-output>
        </test-method> <!-- Purchase_PrivateIns_Single_NotPublicServant_NotPensionar_NotDeductible -->
        <test-method is-config="true" signature="teardown()[pri:0, instance:FrameworkE2E.PurchaseInsurance_Single@13f17eb4]" started-at="2021-02-13T16:08:56 IST" name="teardown" finished-at="2021-02-13T16:08:57 IST" duration-ms="647" status="PASS">
          <reporter-output>
          </reporter-output>
        </test-method> <!-- teardown -->
        <test-method is-config="true" signature="initialize()[pri:0, instance:FrameworkE2E.PurchaseInsurance_Single@13f17eb4]" started-at="2021-02-13T16:08:57 IST" name="initialize" finished-at="2021-02-13T16:09:12 IST" duration-ms="14596" status="PASS">
          <reporter-output>
          </reporter-output>
        </test-method> <!-- initialize -->
        <test-method signature="Purchase_PrivateIns_Single_NotPublicServant_NotPensionar_YesDeductible()[pri:0, instance:FrameworkE2E.PurchaseInsurance_Single@13f17eb4]" started-at="2021-02-13T16:09:12 IST" name="Purchase_PrivateIns_Single_NotPublicServant_NotPensionar_YesDeductible" finished-at="2021-02-13T16:09:55 IST" duration-ms="43534" status="PASS">
          <reporter-output>
          </reporter-output>
        </test-method> <!-- Purchase_PrivateIns_Single_NotPublicServant_NotPensionar_YesDeductible -->
        <test-method is-config="true" signature="teardown()[pri:0, instance:FrameworkE2E.PurchaseInsurance_Single@13f17eb4]" started-at="2021-02-13T16:09:55 IST" name="teardown" finished-at="2021-02-13T16:09:57 IST" duration-ms="1799" status="PASS">
          <reporter-output>
          </reporter-output>
        </test-method> <!-- teardown -->
        <test-method is-config="true" signature="initialize()[pri:0, instance:FrameworkE2E.PurchaseInsurance_Single@13f17eb4]" started-at="2021-02-13T16:09:57 IST" name="initialize" finished-at="2021-02-13T16:10:17 IST" duration-ms="20036" status="PASS">
          <reporter-output>
          </reporter-output>
        </test-method> <!-- initialize -->
        <test-method signature="Purchase_PrivateIns_Single_NotPublicServant_YesPensionar_NoDeductible()[pri:0, instance:FrameworkE2E.PurchaseInsurance_Single@13f17eb4]" started-at="2021-02-13T16:10:17 IST" name="Purchase_PrivateIns_Single_NotPublicServant_YesPensionar_NoDeductible" finished-at="2021-02-13T16:11:06 IST" duration-ms="48826" status="PASS">
          <reporter-output>
          </reporter-output>
        </test-method> <!-- Purchase_PrivateIns_Single_NotPublicServant_YesPensionar_NoDeductible -->
        <test-method is-config="true" signature="teardown()[pri:0, instance:FrameworkE2E.PurchaseInsurance_Single@13f17eb4]" started-at="2021-02-13T16:11:06 IST" name="teardown" finished-at="2021-02-13T16:11:07 IST" duration-ms="798" status="PASS">
          <reporter-output>
          </reporter-output>
        </test-method> <!-- teardown -->
        <test-method is-config="true" signature="initialize()[pri:0, instance:FrameworkE2E.PurchaseInsurance_Single@13f17eb4]" started-at="2021-02-13T16:11:07 IST" name="initialize" finished-at="2021-02-13T16:11:24 IST" duration-ms="17767" status="PASS">
          <reporter-output>
          </reporter-output>
        </test-method> <!-- initialize -->
        <test-method signature="Purchase_PrivateIns_Single_NotPublicServant_YesPensionar_YesDeductible()[pri:0, instance:FrameworkE2E.PurchaseInsurance_Single@13f17eb4]" started-at="2021-02-13T16:11:24 IST" name="Purchase_PrivateIns_Single_NotPublicServant_YesPensionar_YesDeductible" finished-at="2021-02-13T16:12:07 IST" duration-ms="42402" status="PASS">
          <reporter-output>
          </reporter-output>
        </test-method> <!-- Purchase_PrivateIns_Single_NotPublicServant_YesPensionar_YesDeductible -->
        <test-method is-config="true" signature="teardown()[pri:0, instance:FrameworkE2E.PurchaseInsurance_Single@13f17eb4]" started-at="2021-02-13T16:12:07 IST" name="teardown" finished-at="2021-02-13T16:12:07 IST" duration-ms="662" status="PASS">
          <reporter-output>
          </reporter-output>
        </test-method> <!-- teardown -->
        <test-method is-config="true" signature="initialize()[pri:0, instance:FrameworkE2E.PurchaseInsurance_Single@13f17eb4]" started-at="2021-02-13T16:12:07 IST" name="initialize" finished-at="2021-02-13T16:12:23 IST" duration-ms="15361" status="PASS">
          <reporter-output>
          </reporter-output>
        </test-method> <!-- initialize -->
        <test-method signature="Purchase_PrivateIns_Single_PublicServant_YesDeductible()[pri:1, instance:FrameworkE2E.PurchaseInsurance_Single@13f17eb4]" started-at="2021-02-13T16:12:23 IST" name="Purchase_PrivateIns_Single_PublicServant_YesDeductible" finished-at="2021-02-13T16:12:34 IST" duration-ms="11429" status="PASS">
          <reporter-output>
          </reporter-output>
        </test-method> <!-- Purchase_PrivateIns_Single_PublicServant_YesDeductible -->
        <test-method is-config="true" signature="teardown()[pri:0, instance:FrameworkE2E.PurchaseInsurance_Single@13f17eb4]" started-at="2021-02-13T16:12:34 IST" name="teardown" finished-at="2021-02-13T16:12:34 IST" duration-ms="90" status="PASS">
          <reporter-output>
          </reporter-output>
        </test-method> <!-- teardown -->
        <test-method is-config="true" signature="initialize()[pri:0, instance:FrameworkE2E.PurchaseInsurance_Single@13f17eb4]" started-at="2021-02-13T16:12:34 IST" name="initialize" finished-at="2021-02-13T16:12:49 IST" duration-ms="14740" status="PASS">
          <reporter-output>
          </reporter-output>
        </test-method> <!-- initialize -->
        <test-method signature="Purchase_PrivateIns_Single_PublicServant_NoDeductible()[pri:2, instance:FrameworkE2E.PurchaseInsurance_Single@13f17eb4]" started-at="2021-02-13T16:12:49 IST" name="Purchase_PrivateIns_Single_PublicServant_NoDeductible" finished-at="2021-02-13T16:12:58 IST" duration-ms="8801" status="PASS">
          <reporter-output>
          </reporter-output>
        </test-method> <!-- Purchase_PrivateIns_Single_PublicServant_NoDeductible -->
        <test-method is-config="true" signature="teardown()[pri:0, instance:FrameworkE2E.PurchaseInsurance_Single@13f17eb4]" started-at="2021-02-13T16:12:58 IST" name="teardown" finished-at="2021-02-13T16:12:58 IST" duration-ms="177" status="PASS">
          <reporter-output>
          </reporter-output>
        </test-method> <!-- teardown -->
      </class> <!-- FrameworkE2E.PurchaseInsurance_Single -->
      <class name="FrameworkE2E.PurchaseInsurance_PahrOhneKids">
        <test-method is-config="true" signature="initialize()[pri:0, instance:FrameworkE2E.PurchaseInsurance_PahrOhneKids@4bc28c33]" started-at="2021-02-13T16:20:04 IST" name="initialize" finished-at="2021-02-13T16:20:16 IST" duration-ms="12009" status="PASS">
          <reporter-output>
          </reporter-output>
        </test-method> <!-- initialize -->
        <test-method signature="Purchase_PrivateIns_PahrOhneKids_NotPublicServant_NotPensionar_NotDeductible()[pri:0, instance:FrameworkE2E.PurchaseInsurance_PahrOhneKids@4bc28c33]" started-at="2021-02-13T16:20:16 IST" name="Purchase_PrivateIns_PahrOhneKids_NotPublicServant_NotPensionar_NotDeductible" finished-at="2021-02-13T16:21:00 IST" duration-ms="43439" status="PASS">
          <reporter-output>
          </reporter-output>
        </test-method> <!-- Purchase_PrivateIns_PahrOhneKids_NotPublicServant_NotPensionar_NotDeductible -->
        <test-method is-config="true" signature="teardown()[pri:0, instance:FrameworkE2E.PurchaseInsurance_PahrOhneKids@4bc28c33]" started-at="2021-02-13T16:21:00 IST" name="teardown" finished-at="2021-02-13T16:21:02 IST" duration-ms="1752" status="PASS">
          <reporter-output>
          </reporter-output>
        </test-method> <!-- teardown -->
        <test-method is-config="true" signature="initialize()[pri:0, instance:FrameworkE2E.PurchaseInsurance_PahrOhneKids@4bc28c33]" started-at="2021-02-13T16:21:02 IST" name="initialize" finished-at="2021-02-13T16:21:16 IST" duration-ms="14751" status="PASS">
          <reporter-output>
          </reporter-output>
        </test-method> <!-- initialize -->
        <test-method signature="Purchase_PrivateIns_PahrOhneKids_NotPublicServant_NotPensionar_YesDeductible()[pri:0, instance:FrameworkE2E.PurchaseInsurance_PahrOhneKids@4bc28c33]" started-at="2021-02-13T16:21:16 IST" name="Purchase_PrivateIns_PahrOhneKids_NotPublicServant_NotPensionar_YesDeductible" finished-at="2021-02-13T16:21:58 IST" duration-ms="41734" status="PASS">
          <reporter-output>
          </reporter-output>
        </test-method> <!-- Purchase_PrivateIns_PahrOhneKids_NotPublicServant_NotPensionar_YesDeductible -->
        <test-method is-config="true" signature="teardown()[pri:0, instance:FrameworkE2E.PurchaseInsurance_PahrOhneKids@4bc28c33]" started-at="2021-02-13T16:21:58 IST" name="teardown" finished-at="2021-02-13T16:21:58 IST" duration-ms="229" status="PASS">
          <reporter-output>
          </reporter-output>
        </test-method> <!-- teardown -->
        <test-method is-config="true" signature="initialize()[pri:0, instance:FrameworkE2E.PurchaseInsurance_PahrOhneKids@4bc28c33]" started-at="2021-02-13T16:21:58 IST" name="initialize" finished-at="2021-02-13T16:22:16 IST" duration-ms="17458" status="PASS">
          <reporter-output>
          </reporter-output>
        </test-method> <!-- initialize -->
        <test-method signature="Purchase_PrivateIns_PahrOhneKids_NotPublicServant_YesPensionar_NoDeductible()[pri:0, instance:FrameworkE2E.PurchaseInsurance_PahrOhneKids@4bc28c33]" started-at="2021-02-13T16:22:16 IST" name="Purchase_PrivateIns_PahrOhneKids_NotPublicServant_YesPensionar_NoDeductible" finished-at="2021-02-13T16:22:57 IST" duration-ms="40806" status="PASS">
          <reporter-output>
          </reporter-output>
        </test-method> <!-- Purchase_PrivateIns_PahrOhneKids_NotPublicServant_YesPensionar_NoDeductible -->
        <test-method is-config="true" signature="teardown()[pri:0, instance:FrameworkE2E.PurchaseInsurance_PahrOhneKids@4bc28c33]" started-at="2021-02-13T16:22:57 IST" name="teardown" finished-at="2021-02-13T16:22:57 IST" duration-ms="302" status="PASS">
          <reporter-output>
          </reporter-output>
        </test-method> <!-- teardown -->
        <test-method is-config="true" signature="initialize()[pri:0, instance:FrameworkE2E.PurchaseInsurance_PahrOhneKids@4bc28c33]" started-at="2021-02-13T16:22:57 IST" name="initialize" finished-at="2021-02-13T16:23:14 IST" duration-ms="16813" status="PASS">
          <reporter-output>
          </reporter-output>
        </test-method> <!-- initialize -->
        <test-method signature="Purchase_PrivateIns_PahrOhneKids_NotPublicServant_YesPensionar_YesDeductible()[pri:0, instance:FrameworkE2E.PurchaseInsurance_PahrOhneKids@4bc28c33]" started-at="2021-02-13T16:23:14 IST" name="Purchase_PrivateIns_PahrOhneKids_NotPublicServant_YesPensionar_YesDeductible" finished-at="2021-02-13T16:26:14 IST" duration-ms="180580" status="PASS">
          <reporter-output>
          </reporter-output>
        </test-method> <!-- Purchase_PrivateIns_PahrOhneKids_NotPublicServant_YesPensionar_YesDeductible -->
        <test-method is-config="true" signature="teardown()[pri:0, instance:FrameworkE2E.PurchaseInsurance_PahrOhneKids@4bc28c33]" started-at="2021-02-13T16:26:14 IST" name="teardown" finished-at="2021-02-13T16:26:15 IST" duration-ms="1029" status="PASS">
          <reporter-output>
          </reporter-output>
        </test-method> <!-- teardown -->
        <test-method is-config="true" signature="initialize()[pri:0, instance:FrameworkE2E.PurchaseInsurance_PahrOhneKids@4bc28c33]" started-at="2021-02-13T16:26:15 IST" name="initialize" finished-at="2021-02-13T16:26:34 IST" duration-ms="18790" status="PASS">
          <reporter-output>
          </reporter-output>
        </test-method> <!-- initialize -->
        <test-method signature="Purchase_PrivateIns_PahrOhneKids_PublicServant_YesDeductible()[pri:1, instance:FrameworkE2E.PurchaseInsurance_PahrOhneKids@4bc28c33]" started-at="2021-02-13T16:26:34 IST" name="Purchase_PrivateIns_PahrOhneKids_PublicServant_YesDeductible" finished-at="2021-02-13T16:26:44 IST" duration-ms="9591" status="PASS">
          <reporter-output>
          </reporter-output>
        </test-method> <!-- Purchase_PrivateIns_PahrOhneKids_PublicServant_YesDeductible -->
        <test-method is-config="true" signature="teardown()[pri:0, instance:FrameworkE2E.PurchaseInsurance_PahrOhneKids@4bc28c33]" started-at="2021-02-13T16:26:44 IST" name="teardown" finished-at="2021-02-13T16:26:44 IST" duration-ms="413" status="PASS">
          <reporter-output>
          </reporter-output>
        </test-method> <!-- teardown -->
        <test-method is-config="true" signature="initialize()[pri:0, instance:FrameworkE2E.PurchaseInsurance_PahrOhneKids@4bc28c33]" started-at="2021-02-13T16:26:44 IST" name="initialize" finished-at="2021-02-13T16:26:59 IST" duration-ms="14492" status="PASS">
          <reporter-output>
          </reporter-output>
        </test-method> <!-- initialize -->
        <test-method signature="Purchase_PrivateIns_PahrOhneKids_PublicServant_NoDeductible()[pri:2, instance:FrameworkE2E.PurchaseInsurance_PahrOhneKids@4bc28c33]" started-at="2021-02-13T16:26:59 IST" name="Purchase_PrivateIns_PahrOhneKids_PublicServant_NoDeductible" finished-at="2021-02-13T16:27:14 IST" duration-ms="14888" status="PASS">
          <reporter-output>
          </reporter-output>
        </test-method> <!-- Purchase_PrivateIns_PahrOhneKids_PublicServant_NoDeductible -->
        <test-method is-config="true" signature="teardown()[pri:0, instance:FrameworkE2E.PurchaseInsurance_PahrOhneKids@4bc28c33]" started-at="2021-02-13T16:27:14 IST" name="teardown" finished-at="2021-02-13T16:27:15 IST" duration-ms="1467" status="PASS">
          <reporter-output>
          </reporter-output>
        </test-method> <!-- teardown -->
      </class> <!-- FrameworkE2E.PurchaseInsurance_PahrOhneKids -->
    </test> <!-- Test -->
  </suite> <!-- Suite -->
</testng-results>
